{"/Users/fahmialfareza/Code/Glints/Glints Batch #11/Boilerplate/Afternoon Class/Week 6/Day 30/index.js": {"path":"/Users/fahmialfareza/Code/Glints/Glints Batch #11/Boilerplate/Afternoon Class/Week 6/Day 30/index.js","statementMap":{"0":{"start":{"line":1,"column":0},"end":{"line":3,"column":3}},"1":{"start":{"line":5,"column":16},"end":{"line":5,"column":34}},"2":{"start":{"line":6,"column":19},"end":{"line":6,"column":48}},"3":{"start":{"line":9,"column":19},"end":{"line":9,"column":49}},"4":{"start":{"line":10,"column":21},"end":{"line":10,"column":53}},"5":{"start":{"line":11,"column":24},"end":{"line":11,"column":59}},"6":{"start":{"line":12,"column":24},"end":{"line":12,"column":59}},"7":{"start":{"line":15,"column":12},"end":{"line":15,"column":21}},"8":{"start":{"line":18,"column":0},"end":{"line":18,"column":24}},"9":{"start":{"line":19,"column":0},"end":{"line":23,"column":2}},"10":{"start":{"line":26,"column":0},"end":{"line":26,"column":22}},"11":{"start":{"line":29,"column":0},"end":{"line":29,"column":34}},"12":{"start":{"line":32,"column":0},"end":{"line":32,"column":29}},"13":{"start":{"line":33,"column":0},"end":{"line":33,"column":39}},"14":{"start":{"line":34,"column":0},"end":{"line":34,"column":33}},"15":{"start":{"line":35,"column":0},"end":{"line":35,"column":39}},"16":{"start":{"line":37,"column":0},"end":{"line":40,"column":1}},"17":{"start":{"line":39,"column":2},"end":{"line":39,"column":64}},"18":{"start":{"line":39,"column":25},"end":{"line":39,"column":62}},"19":{"start":{"line":42,"column":0},"end":{"line":42,"column":21}}},"fnMap":{"0":{"name":"(anonymous_0)","decl":{"start":{"line":39,"column":19},"end":{"line":39,"column":20}},"loc":{"start":{"line":39,"column":25},"end":{"line":39,"column":62}},"line":39}},"branchMap":{"0":{"loc":{"start":{"line":37,"column":0},"end":{"line":40,"column":1}},"type":"if","locations":[{"start":{"line":37,"column":0},"end":{"line":40,"column":1}},{"start":{"line":37,"column":0},"end":{"line":40,"column":1}}],"line":37}},"s":{"0":1,"1":1,"2":1,"3":1,"4":1,"5":1,"6":1,"7":1,"8":1,"9":1,"10":1,"11":1,"12":1,"13":1,"14":1,"15":1,"16":1,"17":0,"18":0,"19":1},"f":{"0":0},"b":{"0":[0,1]},"_coverageSchema":"1a1c01bbd47fc00a2c39e90264f33305004495a9","hash":"0c5658a70f057acdb6b643590e7383852197eff1"}
,"/Users/fahmialfareza/Code/Glints/Glints Batch #11/Boilerplate/Afternoon Class/Week 6/Day 30/controllers/authController.js": {"path":"/Users/fahmialfareza/Code/Glints/Glints Batch #11/Boilerplate/Afternoon Class/Week 6/Day 30/controllers/authController.js","statementMap":{"0":{"start":{"line":1,"column":12},"end":{"line":1,"column":35}},"1":{"start":{"line":5,"column":4},"end":{"line":31,"column":5}},"2":{"start":{"line":8,"column":19},"end":{"line":12,"column":7}},"3":{"start":{"line":16,"column":20},"end":{"line":18,"column":8}},"4":{"start":{"line":21,"column":6},"end":{"line":24,"column":9}},"5":{"start":{"line":27,"column":6},"end":{"line":30,"column":9}},"6":{"start":{"line":35,"column":0},"end":{"line":35,"column":38}}},"fnMap":{"0":{"name":"(anonymous_0)","decl":{"start":{"line":4,"column":2},"end":{"line":4,"column":3}},"loc":{"start":{"line":4,"column":27},"end":{"line":32,"column":3}},"line":4}},"branchMap":{},"s":{"0":1,"1":2,"2":2,"3":2,"4":2,"5":0,"6":1},"f":{"0":2},"b":{},"_coverageSchema":"1a1c01bbd47fc00a2c39e90264f33305004495a9","hash":"d0b9721026ca619a68da2e47d8ae125aed74cd99"}
,"/Users/fahmialfareza/Code/Glints/Glints Batch #11/Boilerplate/Afternoon Class/Week 6/Day 30/controllers/barangController.js": {"path":"/Users/fahmialfareza/Code/Glints/Glints Batch #11/Boilerplate/Afternoon Class/Week 6/Day 30/controllers/barangController.js","statementMap":{"0":{"start":{"line":1,"column":50},"end":{"line":1,"column":70}},"1":{"start":{"line":5,"column":4},"end":{"line":17,"column":5}},"2":{"start":{"line":6,"column":17},"end":{"line":6,"column":56}},"3":{"start":{"line":8,"column":6},"end":{"line":11,"column":9}},"4":{"start":{"line":13,"column":6},"end":{"line":16,"column":9}},"5":{"start":{"line":21,"column":4},"end":{"line":40,"column":5}},"6":{"start":{"line":23,"column":24},"end":{"line":23,"column":53}},"7":{"start":{"line":26,"column":17},"end":{"line":28,"column":28}},"8":{"start":{"line":31,"column":6},"end":{"line":34,"column":9}},"9":{"start":{"line":36,"column":6},"end":{"line":39,"column":9}},"10":{"start":{"line":44,"column":0},"end":{"line":44,"column":40}}},"fnMap":{"0":{"name":"(anonymous_0)","decl":{"start":{"line":4,"column":2},"end":{"line":4,"column":3}},"loc":{"start":{"line":4,"column":25},"end":{"line":18,"column":3}},"line":4},"1":{"name":"(anonymous_1)","decl":{"start":{"line":20,"column":2},"end":{"line":20,"column":3}},"loc":{"start":{"line":20,"column":25},"end":{"line":41,"column":3}},"line":20}},"branchMap":{},"s":{"0":1,"1":0,"2":0,"3":0,"4":0,"5":0,"6":0,"7":0,"8":0,"9":0,"10":1},"f":{"0":0,"1":0},"b":{},"_coverageSchema":"1a1c01bbd47fc00a2c39e90264f33305004495a9","hash":"6c34fa09835a0ad7d488df78ab3bc779c7d9863c"}
,"/Users/fahmialfareza/Code/Glints/Glints Batch #11/Boilerplate/Afternoon Class/Week 6/Day 30/controllers/pelangganController.js": {"path":"/Users/fahmialfareza/Code/Glints/Glints Batch #11/Boilerplate/Afternoon Class/Week 6/Day 30/controllers/pelangganController.js","statementMap":{"0":{"start":{"line":1,"column":50},"end":{"line":1,"column":70}},"1":{"start":{"line":5,"column":4},"end":{"line":17,"column":5}},"2":{"start":{"line":6,"column":17},"end":{"line":6,"column":39}},"3":{"start":{"line":8,"column":6},"end":{"line":11,"column":9}},"4":{"start":{"line":13,"column":6},"end":{"line":16,"column":9}},"5":{"start":{"line":21,"column":0},"end":{"line":21,"column":43}}},"fnMap":{"0":{"name":"(anonymous_0)","decl":{"start":{"line":4,"column":2},"end":{"line":4,"column":3}},"loc":{"start":{"line":4,"column":25},"end":{"line":18,"column":3}},"line":4}},"branchMap":{},"s":{"0":1,"1":0,"2":0,"3":0,"4":0,"5":1},"f":{"0":0},"b":{},"_coverageSchema":"1a1c01bbd47fc00a2c39e90264f33305004495a9","hash":"1375a8a2edb4e3d9f30db76b5c779c197d480f8f"}
,"/Users/fahmialfareza/Code/Glints/Glints Batch #11/Boilerplate/Afternoon Class/Week 6/Day 30/controllers/transaksiController.js": {"path":"/Users/fahmialfareza/Code/Glints/Glints Batch #11/Boilerplate/Afternoon Class/Week 6/Day 30/controllers/transaksiController.js","statementMap":{"0":{"start":{"line":1,"column":50},"end":{"line":1,"column":70}},"1":{"start":{"line":6,"column":4},"end":{"line":27,"column":5}},"2":{"start":{"line":8,"column":17},"end":{"line":8,"column":39}},"3":{"start":{"line":11,"column":6},"end":{"line":15,"column":7}},"4":{"start":{"line":12,"column":8},"end":{"line":14,"column":11}},"5":{"start":{"line":18,"column":6},"end":{"line":21,"column":9}},"6":{"start":{"line":23,"column":6},"end":{"line":26,"column":9}},"7":{"start":{"line":32,"column":4},"end":{"line":53,"column":5}},"8":{"start":{"line":34,"column":17},"end":{"line":34,"column":64}},"9":{"start":{"line":37,"column":6},"end":{"line":41,"column":7}},"10":{"start":{"line":38,"column":8},"end":{"line":40,"column":11}},"11":{"start":{"line":44,"column":6},"end":{"line":47,"column":9}},"12":{"start":{"line":49,"column":6},"end":{"line":52,"column":9}},"13":{"start":{"line":58,"column":4},"end":{"line":80,"column":5}},"14":{"start":{"line":60,"column":17},"end":{"line":60,"column":49}},"15":{"start":{"line":71,"column":6},"end":{"line":74,"column":9}},"16":{"start":{"line":76,"column":6},"end":{"line":79,"column":9}},"17":{"start":{"line":85,"column":4},"end":{"line":109,"column":5}},"18":{"start":{"line":87,"column":17},"end":{"line":95,"column":7}},"19":{"start":{"line":100,"column":6},"end":{"line":103,"column":9}},"20":{"start":{"line":105,"column":6},"end":{"line":108,"column":9}},"21":{"start":{"line":114,"column":4},"end":{"line":126,"column":5}},"22":{"start":{"line":116,"column":6},"end":{"line":116,"column":53}},"23":{"start":{"line":118,"column":6},"end":{"line":120,"column":9}},"24":{"start":{"line":122,"column":6},"end":{"line":125,"column":9}},"25":{"start":{"line":130,"column":0},"end":{"line":130,"column":43}}},"fnMap":{"0":{"name":"(anonymous_0)","decl":{"start":{"line":5,"column":2},"end":{"line":5,"column":3}},"loc":{"start":{"line":5,"column":25},"end":{"line":28,"column":3}},"line":5},"1":{"name":"(anonymous_1)","decl":{"start":{"line":31,"column":2},"end":{"line":31,"column":3}},"loc":{"start":{"line":31,"column":25},"end":{"line":54,"column":3}},"line":31},"2":{"name":"(anonymous_2)","decl":{"start":{"line":57,"column":2},"end":{"line":57,"column":3}},"loc":{"start":{"line":57,"column":25},"end":{"line":81,"column":3}},"line":57},"3":{"name":"(anonymous_3)","decl":{"start":{"line":84,"column":2},"end":{"line":84,"column":3}},"loc":{"start":{"line":84,"column":25},"end":{"line":110,"column":3}},"line":84},"4":{"name":"(anonymous_4)","decl":{"start":{"line":113,"column":2},"end":{"line":113,"column":3}},"loc":{"start":{"line":113,"column":25},"end":{"line":127,"column":3}},"line":113}},"branchMap":{"0":{"loc":{"start":{"line":11,"column":6},"end":{"line":15,"column":7}},"type":"if","locations":[{"start":{"line":11,"column":6},"end":{"line":15,"column":7}},{"start":{"line":11,"column":6},"end":{"line":15,"column":7}}],"line":11},"1":{"loc":{"start":{"line":37,"column":6},"end":{"line":41,"column":7}},"type":"if","locations":[{"start":{"line":37,"column":6},"end":{"line":41,"column":7}},{"start":{"line":37,"column":6},"end":{"line":41,"column":7}}],"line":37}},"s":{"0":1,"1":0,"2":0,"3":0,"4":0,"5":0,"6":0,"7":0,"8":0,"9":0,"10":0,"11":0,"12":0,"13":0,"14":0,"15":0,"16":0,"17":0,"18":0,"19":0,"20":0,"21":0,"22":0,"23":0,"24":0,"25":1},"f":{"0":0,"1":0,"2":0,"3":0,"4":0},"b":{"0":[0,0],"1":[0,0]},"_coverageSchema":"1a1c01bbd47fc00a2c39e90264f33305004495a9","hash":"19fdab25a80ff2171443449f2f0257cceccaf5ff"}
,"/Users/fahmialfareza/Code/Glints/Glints Batch #11/Boilerplate/Afternoon Class/Week 6/Day 30/middlewares/auth/index.js": {"path":"/Users/fahmialfareza/Code/Glints/Glints Batch #11/Boilerplate/Afternoon Class/Week 6/Day 30/middlewares/auth/index.js","statementMap":{"0":{"start":{"line":1,"column":17},"end":{"line":1,"column":36}},"1":{"start":{"line":2,"column":22},"end":{"line":2,"column":56}},"2":{"start":{"line":3,"column":15},"end":{"line":3,"column":32}},"3":{"start":{"line":4,"column":20},"end":{"line":4,"column":52}},"4":{"start":{"line":5,"column":19},"end":{"line":5,"column":53}},"5":{"start":{"line":6,"column":17},"end":{"line":6,"column":40}},"6":{"start":{"line":8,"column":0},"end":{"line":38,"column":2}},"7":{"start":{"line":10,"column":2},"end":{"line":37,"column":21}},"8":{"start":{"line":17,"column":4},"end":{"line":22,"column":5}},"9":{"start":{"line":18,"column":6},"end":{"line":21,"column":9}},"10":{"start":{"line":25,"column":4},"end":{"line":29,"column":5}},"11":{"start":{"line":26,"column":6},"end":{"line":28,"column":9}},"12":{"start":{"line":33,"column":4},"end":{"line":33,"column":20}},"13":{"start":{"line":36,"column":4},"end":{"line":36,"column":11}},"14":{"start":{"line":41,"column":0},"end":{"line":73,"column":2}},"15":{"start":{"line":50,"column":6},"end":{"line":70,"column":7}},"16":{"start":{"line":53,"column":25},"end":{"line":53,"column":52}},"17":{"start":{"line":59,"column":8},"end":{"line":61,"column":11}},"18":{"start":{"line":67,"column":8},"end":{"line":69,"column":11}},"19":{"start":{"line":75,"column":0},"end":{"line":105,"column":2}},"20":{"start":{"line":77,"column":2},"end":{"line":104,"column":21}},"21":{"start":{"line":84,"column":4},"end":{"line":89,"column":5}},"22":{"start":{"line":85,"column":6},"end":{"line":88,"column":9}},"23":{"start":{"line":92,"column":4},"end":{"line":96,"column":5}},"24":{"start":{"line":93,"column":6},"end":{"line":95,"column":9}},"25":{"start":{"line":100,"column":4},"end":{"line":100,"column":20}},"26":{"start":{"line":103,"column":4},"end":{"line":103,"column":11}},"27":{"start":{"line":108,"column":0},"end":{"line":157,"column":2}},"28":{"start":{"line":117,"column":6},"end":{"line":154,"column":7}},"29":{"start":{"line":120,"column":25},"end":{"line":120,"column":54}},"30":{"start":{"line":123,"column":8},"end":{"line":127,"column":9}},"31":{"start":{"line":124,"column":10},"end":{"line":126,"column":13}},"32":{"start":{"line":130,"column":23},"end":{"line":130,"column":74}},"33":{"start":{"line":133,"column":8},"end":{"line":137,"column":9}},"34":{"start":{"line":134,"column":10},"end":{"line":136,"column":13}},"35":{"start":{"line":143,"column":8},"end":{"line":145,"column":11}},"36":{"start":{"line":151,"column":8},"end":{"line":153,"column":11}},"37":{"start":{"line":159,"column":0},"end":{"line":189,"column":2}},"38":{"start":{"line":161,"column":2},"end":{"line":188,"column":21}},"39":{"start":{"line":168,"column":4},"end":{"line":173,"column":5}},"40":{"start":{"line":169,"column":6},"end":{"line":172,"column":9}},"41":{"start":{"line":176,"column":4},"end":{"line":180,"column":5}},"42":{"start":{"line":177,"column":6},"end":{"line":179,"column":9}},"43":{"start":{"line":184,"column":4},"end":{"line":184,"column":20}},"44":{"start":{"line":187,"column":4},"end":{"line":187,"column":11}},"45":{"start":{"line":191,"column":0},"end":{"line":218,"column":2}},"46":{"start":{"line":199,"column":6},"end":{"line":215,"column":7}},"47":{"start":{"line":201,"column":25},"end":{"line":201,"column":67}},"48":{"start":{"line":204,"column":8},"end":{"line":206,"column":9}},"49":{"start":{"line":205,"column":10},"end":{"line":205,"column":40}},"50":{"start":{"line":208,"column":8},"end":{"line":210,"column":11}},"51":{"start":{"line":212,"column":8},"end":{"line":214,"column":11}},"52":{"start":{"line":220,"column":0},"end":{"line":250,"column":2}},"53":{"start":{"line":222,"column":2},"end":{"line":249,"column":21}},"54":{"start":{"line":229,"column":4},"end":{"line":234,"column":5}},"55":{"start":{"line":230,"column":6},"end":{"line":233,"column":9}},"56":{"start":{"line":237,"column":4},"end":{"line":241,"column":5}},"57":{"start":{"line":238,"column":6},"end":{"line":240,"column":9}},"58":{"start":{"line":245,"column":4},"end":{"line":245,"column":20}},"59":{"start":{"line":248,"column":4},"end":{"line":248,"column":11}},"60":{"start":{"line":252,"column":0},"end":{"line":279,"column":2}},"61":{"start":{"line":260,"column":6},"end":{"line":276,"column":7}},"62":{"start":{"line":262,"column":25},"end":{"line":262,"column":67}},"63":{"start":{"line":265,"column":8},"end":{"line":267,"column":9}},"64":{"start":{"line":266,"column":10},"end":{"line":266,"column":40}},"65":{"start":{"line":269,"column":8},"end":{"line":271,"column":11}},"66":{"start":{"line":273,"column":8},"end":{"line":275,"column":11}},"67":{"start":{"line":281,"column":0},"end":{"line":311,"column":2}},"68":{"start":{"line":283,"column":2},"end":{"line":310,"column":21}},"69":{"start":{"line":290,"column":4},"end":{"line":295,"column":5}},"70":{"start":{"line":291,"column":6},"end":{"line":294,"column":9}},"71":{"start":{"line":298,"column":4},"end":{"line":302,"column":5}},"72":{"start":{"line":299,"column":6},"end":{"line":301,"column":9}},"73":{"start":{"line":306,"column":4},"end":{"line":306,"column":20}},"74":{"start":{"line":309,"column":4},"end":{"line":309,"column":11}},"75":{"start":{"line":313,"column":0},"end":{"line":343,"column":2}},"76":{"start":{"line":321,"column":6},"end":{"line":340,"column":7}},"77":{"start":{"line":323,"column":25},"end":{"line":323,"column":67}},"78":{"start":{"line":326,"column":8},"end":{"line":331,"column":9}},"79":{"start":{"line":330,"column":10},"end":{"line":330,"column":40}},"80":{"start":{"line":333,"column":8},"end":{"line":335,"column":11}},"81":{"start":{"line":337,"column":8},"end":{"line":339,"column":11}}},"fnMap":{"0":{"name":"(anonymous_0)","decl":{"start":{"line":8,"column":17},"end":{"line":8,"column":18}},"loc":{"start":{"line":8,"column":37},"end":{"line":38,"column":1}},"line":8},"1":{"name":"(anonymous_1)","decl":{"start":{"line":10,"column":54},"end":{"line":10,"column":55}},"loc":{"start":{"line":10,"column":75},"end":{"line":37,"column":3}},"line":10},"2":{"name":"(anonymous_2)","decl":{"start":{"line":49,"column":4},"end":{"line":49,"column":5}},"loc":{"start":{"line":49,"column":42},"end":{"line":71,"column":5}},"line":49},"3":{"name":"(anonymous_3)","decl":{"start":{"line":75,"column":17},"end":{"line":75,"column":18}},"loc":{"start":{"line":75,"column":37},"end":{"line":105,"column":1}},"line":75},"4":{"name":"(anonymous_4)","decl":{"start":{"line":77,"column":54},"end":{"line":77,"column":55}},"loc":{"start":{"line":77,"column":75},"end":{"line":104,"column":3}},"line":77},"5":{"name":"(anonymous_5)","decl":{"start":{"line":116,"column":4},"end":{"line":116,"column":5}},"loc":{"start":{"line":116,"column":42},"end":{"line":155,"column":5}},"line":116},"6":{"name":"(anonymous_6)","decl":{"start":{"line":159,"column":16},"end":{"line":159,"column":17}},"loc":{"start":{"line":159,"column":36},"end":{"line":189,"column":1}},"line":159},"7":{"name":"(anonymous_7)","decl":{"start":{"line":161,"column":30},"end":{"line":161,"column":31}},"loc":{"start":{"line":161,"column":51},"end":{"line":188,"column":3}},"line":161},"8":{"name":"(anonymous_8)","decl":{"start":{"line":198,"column":4},"end":{"line":198,"column":5}},"loc":{"start":{"line":198,"column":27},"end":{"line":216,"column":5}},"line":198},"9":{"name":"(anonymous_9)","decl":{"start":{"line":220,"column":15},"end":{"line":220,"column":16}},"loc":{"start":{"line":220,"column":35},"end":{"line":250,"column":1}},"line":220},"10":{"name":"(anonymous_10)","decl":{"start":{"line":222,"column":29},"end":{"line":222,"column":30}},"loc":{"start":{"line":222,"column":50},"end":{"line":249,"column":3}},"line":222},"11":{"name":"(anonymous_11)","decl":{"start":{"line":259,"column":4},"end":{"line":259,"column":5}},"loc":{"start":{"line":259,"column":27},"end":{"line":277,"column":5}},"line":259},"12":{"name":"(anonymous_12)","decl":{"start":{"line":281,"column":22},"end":{"line":281,"column":23}},"loc":{"start":{"line":281,"column":42},"end":{"line":311,"column":1}},"line":281},"13":{"name":"(anonymous_13)","decl":{"start":{"line":283,"column":36},"end":{"line":283,"column":37}},"loc":{"start":{"line":283,"column":57},"end":{"line":310,"column":3}},"line":283},"14":{"name":"(anonymous_14)","decl":{"start":{"line":320,"column":4},"end":{"line":320,"column":5}},"loc":{"start":{"line":320,"column":27},"end":{"line":341,"column":5}},"line":320}},"branchMap":{"0":{"loc":{"start":{"line":17,"column":4},"end":{"line":22,"column":5}},"type":"if","locations":[{"start":{"line":17,"column":4},"end":{"line":22,"column":5}},{"start":{"line":17,"column":4},"end":{"line":22,"column":5}}],"line":17},"1":{"loc":{"start":{"line":25,"column":4},"end":{"line":29,"column":5}},"type":"if","locations":[{"start":{"line":25,"column":4},"end":{"line":29,"column":5}},{"start":{"line":25,"column":4},"end":{"line":29,"column":5}}],"line":25},"2":{"loc":{"start":{"line":84,"column":4},"end":{"line":89,"column":5}},"type":"if","locations":[{"start":{"line":84,"column":4},"end":{"line":89,"column":5}},{"start":{"line":84,"column":4},"end":{"line":89,"column":5}}],"line":84},"3":{"loc":{"start":{"line":92,"column":4},"end":{"line":96,"column":5}},"type":"if","locations":[{"start":{"line":92,"column":4},"end":{"line":96,"column":5}},{"start":{"line":92,"column":4},"end":{"line":96,"column":5}}],"line":92},"4":{"loc":{"start":{"line":123,"column":8},"end":{"line":127,"column":9}},"type":"if","locations":[{"start":{"line":123,"column":8},"end":{"line":127,"column":9}},{"start":{"line":123,"column":8},"end":{"line":127,"column":9}}],"line":123},"5":{"loc":{"start":{"line":133,"column":8},"end":{"line":137,"column":9}},"type":"if","locations":[{"start":{"line":133,"column":8},"end":{"line":137,"column":9}},{"start":{"line":133,"column":8},"end":{"line":137,"column":9}}],"line":133},"6":{"loc":{"start":{"line":168,"column":4},"end":{"line":173,"column":5}},"type":"if","locations":[{"start":{"line":168,"column":4},"end":{"line":173,"column":5}},{"start":{"line":168,"column":4},"end":{"line":173,"column":5}}],"line":168},"7":{"loc":{"start":{"line":176,"column":4},"end":{"line":180,"column":5}},"type":"if","locations":[{"start":{"line":176,"column":4},"end":{"line":180,"column":5}},{"start":{"line":176,"column":4},"end":{"line":180,"column":5}}],"line":176},"8":{"loc":{"start":{"line":204,"column":8},"end":{"line":206,"column":9}},"type":"if","locations":[{"start":{"line":204,"column":8},"end":{"line":206,"column":9}},{"start":{"line":204,"column":8},"end":{"line":206,"column":9}}],"line":204},"9":{"loc":{"start":{"line":229,"column":4},"end":{"line":234,"column":5}},"type":"if","locations":[{"start":{"line":229,"column":4},"end":{"line":234,"column":5}},{"start":{"line":229,"column":4},"end":{"line":234,"column":5}}],"line":229},"10":{"loc":{"start":{"line":237,"column":4},"end":{"line":241,"column":5}},"type":"if","locations":[{"start":{"line":237,"column":4},"end":{"line":241,"column":5}},{"start":{"line":237,"column":4},"end":{"line":241,"column":5}}],"line":237},"11":{"loc":{"start":{"line":265,"column":8},"end":{"line":267,"column":9}},"type":"if","locations":[{"start":{"line":265,"column":8},"end":{"line":267,"column":9}},{"start":{"line":265,"column":8},"end":{"line":267,"column":9}}],"line":265},"12":{"loc":{"start":{"line":290,"column":4},"end":{"line":295,"column":5}},"type":"if","locations":[{"start":{"line":290,"column":4},"end":{"line":295,"column":5}},{"start":{"line":290,"column":4},"end":{"line":295,"column":5}}],"line":290},"13":{"loc":{"start":{"line":298,"column":4},"end":{"line":302,"column":5}},"type":"if","locations":[{"start":{"line":298,"column":4},"end":{"line":302,"column":5}},{"start":{"line":298,"column":4},"end":{"line":302,"column":5}}],"line":298},"14":{"loc":{"start":{"line":326,"column":8},"end":{"line":331,"column":9}},"type":"if","locations":[{"start":{"line":326,"column":8},"end":{"line":331,"column":9}},{"start":{"line":326,"column":8},"end":{"line":331,"column":9}}],"line":326},"15":{"loc":{"start":{"line":327,"column":10},"end":{"line":328,"column":43}},"type":"binary-expr","locations":[{"start":{"line":327,"column":10},"end":{"line":327,"column":42}},{"start":{"line":328,"column":10},"end":{"line":328,"column":43}}],"line":327}},"s":{"0":1,"1":1,"2":1,"3":1,"4":1,"5":1,"6":1,"7":2,"8":2,"9":0,"10":2,"11":1,"12":1,"13":1,"14":1,"15":2,"16":2,"17":1,"18":1,"19":1,"20":1,"21":1,"22":0,"23":1,"24":0,"25":1,"26":1,"27":1,"28":1,"29":1,"30":1,"31":0,"32":1,"33":1,"34":0,"35":1,"36":0,"37":1,"38":0,"39":0,"40":0,"41":0,"42":0,"43":0,"44":0,"45":1,"46":0,"47":0,"48":0,"49":0,"50":0,"51":0,"52":1,"53":0,"54":0,"55":0,"56":0,"57":0,"58":0,"59":0,"60":1,"61":0,"62":0,"63":0,"64":0,"65":0,"66":0,"67":1,"68":0,"69":0,"70":0,"71":0,"72":0,"73":0,"74":0,"75":1,"76":0,"77":0,"78":0,"79":0,"80":0,"81":0},"f":{"0":2,"1":2,"2":2,"3":1,"4":1,"5":1,"6":0,"7":0,"8":0,"9":0,"10":0,"11":0,"12":0,"13":0,"14":0},"b":{"0":[0,2],"1":[1,1],"2":[0,1],"3":[0,1],"4":[0,1],"5":[0,1],"6":[0,0],"7":[0,0],"8":[0,0],"9":[0,0],"10":[0,0],"11":[0,0],"12":[0,0],"13":[0,0],"14":[0,0],"15":[0,0]},"_coverageSchema":"1a1c01bbd47fc00a2c39e90264f33305004495a9","hash":"8abca8bbe3c0cabecc577ca689a5fb398906a9be"}
,"/Users/fahmialfareza/Code/Glints/Glints Batch #11/Boilerplate/Afternoon Class/Week 6/Day 30/middlewares/validators/authValidator.js": {"path":"/Users/fahmialfareza/Code/Glints/Glints Batch #11/Boilerplate/Afternoon Class/Week 6/Day 30/middlewares/validators/authValidator.js","statementMap":{"0":{"start":{"line":1,"column":18},"end":{"line":1,"column":38}},"1":{"start":{"line":3,"column":0},"end":{"line":38,"column":2}},"2":{"start":{"line":4,"column":2},"end":{"line":37,"column":3}},"3":{"start":{"line":5,"column":17},"end":{"line":5,"column":19}},"4":{"start":{"line":8,"column":4},"end":{"line":10,"column":5}},"5":{"start":{"line":9,"column":6},"end":{"line":9,"column":53}},"6":{"start":{"line":13,"column":4},"end":{"line":17,"column":5}},"7":{"start":{"line":14,"column":6},"end":{"line":16,"column":8}},"8":{"start":{"line":20,"column":4},"end":{"line":22,"column":5}},"9":{"start":{"line":21,"column":6},"end":{"line":21,"column":68}},"10":{"start":{"line":25,"column":4},"end":{"line":29,"column":5}},"11":{"start":{"line":26,"column":6},"end":{"line":28,"column":9}},"12":{"start":{"line":31,"column":4},"end":{"line":31,"column":11}},"13":{"start":{"line":33,"column":4},"end":{"line":36,"column":7}},"14":{"start":{"line":40,"column":0},"end":{"line":70,"column":2}},"15":{"start":{"line":41,"column":2},"end":{"line":69,"column":3}},"16":{"start":{"line":42,"column":17},"end":{"line":42,"column":19}},"17":{"start":{"line":45,"column":4},"end":{"line":47,"column":5}},"18":{"start":{"line":46,"column":6},"end":{"line":46,"column":53}},"19":{"start":{"line":50,"column":4},"end":{"line":54,"column":5}},"20":{"start":{"line":51,"column":6},"end":{"line":53,"column":8}},"21":{"start":{"line":57,"column":4},"end":{"line":61,"column":5}},"22":{"start":{"line":58,"column":6},"end":{"line":60,"column":9}},"23":{"start":{"line":63,"column":4},"end":{"line":63,"column":11}},"24":{"start":{"line":65,"column":4},"end":{"line":68,"column":7}}},"fnMap":{"0":{"name":"(anonymous_0)","decl":{"start":{"line":3,"column":17},"end":{"line":3,"column":18}},"loc":{"start":{"line":3,"column":43},"end":{"line":38,"column":1}},"line":3},"1":{"name":"(anonymous_1)","decl":{"start":{"line":40,"column":17},"end":{"line":40,"column":18}},"loc":{"start":{"line":40,"column":43},"end":{"line":70,"column":1}},"line":40}},"branchMap":{"0":{"loc":{"start":{"line":8,"column":4},"end":{"line":10,"column":5}},"type":"if","locations":[{"start":{"line":8,"column":4},"end":{"line":10,"column":5}},{"start":{"line":8,"column":4},"end":{"line":10,"column":5}}],"line":8},"1":{"loc":{"start":{"line":13,"column":4},"end":{"line":17,"column":5}},"type":"if","locations":[{"start":{"line":13,"column":4},"end":{"line":17,"column":5}},{"start":{"line":13,"column":4},"end":{"line":17,"column":5}}],"line":13},"2":{"loc":{"start":{"line":20,"column":4},"end":{"line":22,"column":5}},"type":"if","locations":[{"start":{"line":20,"column":4},"end":{"line":22,"column":5}},{"start":{"line":20,"column":4},"end":{"line":22,"column":5}}],"line":20},"3":{"loc":{"start":{"line":25,"column":4},"end":{"line":29,"column":5}},"type":"if","locations":[{"start":{"line":25,"column":4},"end":{"line":29,"column":5}},{"start":{"line":25,"column":4},"end":{"line":29,"column":5}}],"line":25},"4":{"loc":{"start":{"line":45,"column":4},"end":{"line":47,"column":5}},"type":"if","locations":[{"start":{"line":45,"column":4},"end":{"line":47,"column":5}},{"start":{"line":45,"column":4},"end":{"line":47,"column":5}}],"line":45},"5":{"loc":{"start":{"line":50,"column":4},"end":{"line":54,"column":5}},"type":"if","locations":[{"start":{"line":50,"column":4},"end":{"line":54,"column":5}},{"start":{"line":50,"column":4},"end":{"line":54,"column":5}}],"line":50},"6":{"loc":{"start":{"line":57,"column":4},"end":{"line":61,"column":5}},"type":"if","locations":[{"start":{"line":57,"column":4},"end":{"line":61,"column":5}},{"start":{"line":57,"column":4},"end":{"line":61,"column":5}}],"line":57}},"s":{"0":1,"1":1,"2":2,"3":2,"4":2,"5":0,"6":2,"7":0,"8":2,"9":0,"10":2,"11":0,"12":2,"13":0,"14":1,"15":1,"16":1,"17":1,"18":0,"19":1,"20":0,"21":1,"22":0,"23":1,"24":0},"f":{"0":2,"1":1},"b":{"0":[0,2],"1":[0,2],"2":[0,2],"3":[0,2],"4":[0,1],"5":[0,1],"6":[0,1]},"_coverageSchema":"1a1c01bbd47fc00a2c39e90264f33305004495a9","hash":"5f4541bb91502db91d20baf69b44ccb0ec332494"}
,"/Users/fahmialfareza/Code/Glints/Glints Batch #11/Boilerplate/Afternoon Class/Week 6/Day 30/middlewares/validators/barangValidator.js": {"path":"/Users/fahmialfareza/Code/Glints/Glints Batch #11/Boilerplate/Afternoon Class/Week 6/Day 30/middlewares/validators/barangValidator.js","statementMap":{"0":{"start":{"line":1,"column":15},"end":{"line":1,"column":32}},"1":{"start":{"line":2,"column":13},"end":{"line":2,"column":28}},"2":{"start":{"line":3,"column":17},"end":{"line":3,"column":36}},"3":{"start":{"line":4,"column":18},"end":{"line":4,"column":38}},"4":{"start":{"line":5,"column":50},"end":{"line":5,"column":73}},"5":{"start":{"line":7,"column":0},"end":{"line":100,"column":2}},"6":{"start":{"line":8,"column":2},"end":{"line":99,"column":3}},"7":{"start":{"line":10,"column":17},"end":{"line":10,"column":19}},"8":{"start":{"line":13,"column":4},"end":{"line":17,"column":5}},"9":{"start":{"line":14,"column":6},"end":{"line":16,"column":8}},"10":{"start":{"line":20,"column":4},"end":{"line":24,"column":5}},"11":{"start":{"line":21,"column":6},"end":{"line":23,"column":9}},"12":{"start":{"line":26,"column":19},"end":{"line":29,"column":6}},"13":{"start":{"line":32,"column":4},"end":{"line":34,"column":5}},"14":{"start":{"line":33,"column":6},"end":{"line":33,"column":40}},"15":{"start":{"line":37,"column":4},"end":{"line":39,"column":5}},"16":{"start":{"line":38,"column":6},"end":{"line":38,"column":39}},"17":{"start":{"line":42,"column":4},"end":{"line":44,"column":5}},"18":{"start":{"line":43,"column":6},"end":{"line":43,"column":44}},"19":{"start":{"line":47,"column":4},"end":{"line":52,"column":5}},"20":{"start":{"line":49,"column":6},"end":{"line":51,"column":9}},"21":{"start":{"line":55,"column":4},"end":{"line":88,"column":5}},"22":{"start":{"line":56,"column":19},"end":{"line":56,"column":34}},"23":{"start":{"line":59,"column":6},"end":{"line":61,"column":7}},"24":{"start":{"line":60,"column":8},"end":{"line":60,"column":45}},"25":{"start":{"line":64,"column":6},"end":{"line":66,"column":7}},"26":{"start":{"line":65,"column":8},"end":{"line":65,"column":51}},"27":{"start":{"line":69,"column":21},"end":{"line":69,"column":59}},"28":{"start":{"line":72,"column":6},"end":{"line":72,"column":60}},"29":{"start":{"line":75,"column":6},"end":{"line":75,"column":33}},"30":{"start":{"line":78,"column":6},"end":{"line":87,"column":9}},"31":{"start":{"line":79,"column":8},"end":{"line":86,"column":9}},"32":{"start":{"line":80,"column":10},"end":{"line":80,"column":29}},"33":{"start":{"line":82,"column":10},"end":{"line":85,"column":13}},"34":{"start":{"line":90,"column":4},"end":{"line":90,"column":43}},"35":{"start":{"line":93,"column":4},"end":{"line":93,"column":11}},"36":{"start":{"line":95,"column":4},"end":{"line":98,"column":7}}},"fnMap":{"0":{"name":"(anonymous_0)","decl":{"start":{"line":7,"column":17},"end":{"line":7,"column":18}},"loc":{"start":{"line":7,"column":43},"end":{"line":100,"column":1}},"line":7},"1":{"name":"(anonymous_1)","decl":{"start":{"line":78,"column":46},"end":{"line":78,"column":47}},"loc":{"start":{"line":78,"column":61},"end":{"line":87,"column":7}},"line":78}},"branchMap":{"0":{"loc":{"start":{"line":13,"column":4},"end":{"line":17,"column":5}},"type":"if","locations":[{"start":{"line":13,"column":4},"end":{"line":17,"column":5}},{"start":{"line":13,"column":4},"end":{"line":17,"column":5}}],"line":13},"1":{"loc":{"start":{"line":20,"column":4},"end":{"line":24,"column":5}},"type":"if","locations":[{"start":{"line":20,"column":4},"end":{"line":24,"column":5}},{"start":{"line":20,"column":4},"end":{"line":24,"column":5}}],"line":20},"2":{"loc":{"start":{"line":32,"column":4},"end":{"line":34,"column":5}},"type":"if","locations":[{"start":{"line":32,"column":4},"end":{"line":34,"column":5}},{"start":{"line":32,"column":4},"end":{"line":34,"column":5}}],"line":32},"3":{"loc":{"start":{"line":37,"column":4},"end":{"line":39,"column":5}},"type":"if","locations":[{"start":{"line":37,"column":4},"end":{"line":39,"column":5}},{"start":{"line":37,"column":4},"end":{"line":39,"column":5}}],"line":37},"4":{"loc":{"start":{"line":42,"column":4},"end":{"line":44,"column":5}},"type":"if","locations":[{"start":{"line":42,"column":4},"end":{"line":44,"column":5}},{"start":{"line":42,"column":4},"end":{"line":44,"column":5}}],"line":42},"5":{"loc":{"start":{"line":47,"column":4},"end":{"line":52,"column":5}},"type":"if","locations":[{"start":{"line":47,"column":4},"end":{"line":52,"column":5}},{"start":{"line":47,"column":4},"end":{"line":52,"column":5}}],"line":47},"6":{"loc":{"start":{"line":55,"column":4},"end":{"line":88,"column":5}},"type":"if","locations":[{"start":{"line":55,"column":4},"end":{"line":88,"column":5}},{"start":{"line":55,"column":4},"end":{"line":88,"column":5}}],"line":55},"7":{"loc":{"start":{"line":59,"column":6},"end":{"line":61,"column":7}},"type":"if","locations":[{"start":{"line":59,"column":6},"end":{"line":61,"column":7}},{"start":{"line":59,"column":6},"end":{"line":61,"column":7}}],"line":59},"8":{"loc":{"start":{"line":64,"column":6},"end":{"line":66,"column":7}},"type":"if","locations":[{"start":{"line":64,"column":6},"end":{"line":66,"column":7}},{"start":{"line":64,"column":6},"end":{"line":66,"column":7}}],"line":64},"9":{"loc":{"start":{"line":79,"column":8},"end":{"line":86,"column":9}},"type":"if","locations":[{"start":{"line":79,"column":8},"end":{"line":86,"column":9}},{"start":{"line":79,"column":8},"end":{"line":86,"column":9}}],"line":79}},"s":{"0":1,"1":1,"2":1,"3":1,"4":1,"5":1,"6":0,"7":0,"8":0,"9":0,"10":0,"11":0,"12":0,"13":0,"14":0,"15":0,"16":0,"17":0,"18":0,"19":0,"20":0,"21":0,"22":0,"23":0,"24":0,"25":0,"26":0,"27":0,"28":0,"29":0,"30":0,"31":0,"32":0,"33":0,"34":0,"35":0,"36":0},"f":{"0":0,"1":0},"b":{"0":[0,0],"1":[0,0],"2":[0,0],"3":[0,0],"4":[0,0],"5":[0,0],"6":[0,0],"7":[0,0],"8":[0,0],"9":[0,0]},"_coverageSchema":"1a1c01bbd47fc00a2c39e90264f33305004495a9","hash":"03d064aac91b5931787a997fdfad4ef745e16436"}
,"/Users/fahmialfareza/Code/Glints/Glints Batch #11/Boilerplate/Afternoon Class/Week 6/Day 30/middlewares/validators/transaksiValidator.js": {"path":"/Users/fahmialfareza/Code/Glints/Glints Batch #11/Boilerplate/Afternoon Class/Week 6/Day 30/middlewares/validators/transaksiValidator.js","statementMap":{"0":{"start":{"line":1,"column":17},"end":{"line":1,"column":36}},"1":{"start":{"line":2,"column":18},"end":{"line":2,"column":38}},"2":{"start":{"line":3,"column":50},"end":{"line":3,"column":73}},"3":{"start":{"line":5,"column":0},"end":{"line":22,"column":2}},"4":{"start":{"line":6,"column":2},"end":{"line":21,"column":3}},"5":{"start":{"line":8,"column":4},"end":{"line":13,"column":5}},"6":{"start":{"line":9,"column":6},"end":{"line":12,"column":9}},"7":{"start":{"line":15,"column":4},"end":{"line":15,"column":11}},"8":{"start":{"line":17,"column":4},"end":{"line":20,"column":7}},"9":{"start":{"line":24,"column":0},"end":{"line":90,"column":2}},"10":{"start":{"line":25,"column":2},"end":{"line":89,"column":3}},"11":{"start":{"line":26,"column":17},"end":{"line":26,"column":19}},"12":{"start":{"line":29,"column":4},"end":{"line":33,"column":5}},"13":{"start":{"line":30,"column":6},"end":{"line":32,"column":8}},"14":{"start":{"line":36,"column":4},"end":{"line":40,"column":5}},"15":{"start":{"line":37,"column":6},"end":{"line":39,"column":8}},"16":{"start":{"line":43,"column":4},"end":{"line":47,"column":5}},"17":{"start":{"line":44,"column":6},"end":{"line":46,"column":9}},"18":{"start":{"line":50,"column":19},"end":{"line":53,"column":6}},"19":{"start":{"line":56,"column":4},"end":{"line":58,"column":5}},"20":{"start":{"line":57,"column":6},"end":{"line":57,"column":38}},"21":{"start":{"line":61,"column":4},"end":{"line":63,"column":5}},"22":{"start":{"line":62,"column":6},"end":{"line":62,"column":41}},"23":{"start":{"line":66,"column":4},"end":{"line":68,"column":5}},"24":{"start":{"line":67,"column":6},"end":{"line":67,"column":45}},"25":{"start":{"line":71,"column":4},"end":{"line":75,"column":5}},"26":{"start":{"line":72,"column":6},"end":{"line":74,"column":9}},"27":{"start":{"line":78,"column":4},"end":{"line":78,"column":34}},"28":{"start":{"line":79,"column":4},"end":{"line":79,"column":37}},"29":{"start":{"line":80,"column":4},"end":{"line":80,"column":63}},"30":{"start":{"line":83,"column":4},"end":{"line":83,"column":11}},"31":{"start":{"line":85,"column":4},"end":{"line":88,"column":7}},"32":{"start":{"line":92,"column":0},"end":{"line":171,"column":2}},"33":{"start":{"line":93,"column":2},"end":{"line":170,"column":3}},"34":{"start":{"line":94,"column":17},"end":{"line":94,"column":19}},"35":{"start":{"line":97,"column":4},"end":{"line":101,"column":5}},"36":{"start":{"line":98,"column":6},"end":{"line":100,"column":8}},"37":{"start":{"line":104,"column":4},"end":{"line":108,"column":5}},"38":{"start":{"line":105,"column":6},"end":{"line":107,"column":8}},"39":{"start":{"line":111,"column":4},"end":{"line":115,"column":5}},"40":{"start":{"line":112,"column":6},"end":{"line":114,"column":8}},"41":{"start":{"line":118,"column":4},"end":{"line":122,"column":5}},"42":{"start":{"line":119,"column":6},"end":{"line":121,"column":9}},"43":{"start":{"line":125,"column":19},"end":{"line":129,"column":6}},"44":{"start":{"line":132,"column":4},"end":{"line":134,"column":5}},"45":{"start":{"line":133,"column":6},"end":{"line":133,"column":38}},"46":{"start":{"line":137,"column":4},"end":{"line":139,"column":5}},"47":{"start":{"line":138,"column":6},"end":{"line":138,"column":41}},"48":{"start":{"line":142,"column":4},"end":{"line":144,"column":5}},"49":{"start":{"line":143,"column":6},"end":{"line":143,"column":41}},"50":{"start":{"line":147,"column":4},"end":{"line":149,"column":5}},"51":{"start":{"line":148,"column":6},"end":{"line":148,"column":45}},"52":{"start":{"line":152,"column":4},"end":{"line":156,"column":5}},"53":{"start":{"line":153,"column":6},"end":{"line":155,"column":9}},"54":{"start":{"line":159,"column":4},"end":{"line":159,"column":34}},"55":{"start":{"line":160,"column":4},"end":{"line":160,"column":37}},"56":{"start":{"line":161,"column":4},"end":{"line":161,"column":63}},"57":{"start":{"line":164,"column":4},"end":{"line":164,"column":11}},"58":{"start":{"line":166,"column":4},"end":{"line":169,"column":7}},"59":{"start":{"line":173,"column":0},"end":{"line":214,"column":2}},"60":{"start":{"line":174,"column":2},"end":{"line":213,"column":3}},"61":{"start":{"line":175,"column":17},"end":{"line":175,"column":19}},"62":{"start":{"line":178,"column":4},"end":{"line":182,"column":5}},"63":{"start":{"line":179,"column":6},"end":{"line":181,"column":8}},"64":{"start":{"line":185,"column":4},"end":{"line":189,"column":5}},"65":{"start":{"line":186,"column":6},"end":{"line":188,"column":9}},"66":{"start":{"line":192,"column":15},"end":{"line":192,"column":62}},"67":{"start":{"line":195,"column":4},"end":{"line":197,"column":5}},"68":{"start":{"line":196,"column":6},"end":{"line":196,"column":41}},"69":{"start":{"line":200,"column":4},"end":{"line":204,"column":5}},"70":{"start":{"line":201,"column":6},"end":{"line":203,"column":9}},"71":{"start":{"line":207,"column":4},"end":{"line":207,"column":11}},"72":{"start":{"line":209,"column":4},"end":{"line":212,"column":7}}},"fnMap":{"0":{"name":"(anonymous_0)","decl":{"start":{"line":5,"column":17},"end":{"line":5,"column":18}},"loc":{"start":{"line":5,"column":37},"end":{"line":22,"column":1}},"line":5},"1":{"name":"(anonymous_1)","decl":{"start":{"line":24,"column":17},"end":{"line":24,"column":18}},"loc":{"start":{"line":24,"column":43},"end":{"line":90,"column":1}},"line":24},"2":{"name":"(anonymous_2)","decl":{"start":{"line":92,"column":17},"end":{"line":92,"column":18}},"loc":{"start":{"line":92,"column":43},"end":{"line":171,"column":1}},"line":92},"3":{"name":"(anonymous_3)","decl":{"start":{"line":173,"column":17},"end":{"line":173,"column":18}},"loc":{"start":{"line":173,"column":43},"end":{"line":214,"column":1}},"line":173}},"branchMap":{"0":{"loc":{"start":{"line":8,"column":4},"end":{"line":13,"column":5}},"type":"if","locations":[{"start":{"line":8,"column":4},"end":{"line":13,"column":5}},{"start":{"line":8,"column":4},"end":{"line":13,"column":5}}],"line":8},"1":{"loc":{"start":{"line":29,"column":4},"end":{"line":33,"column":5}},"type":"if","locations":[{"start":{"line":29,"column":4},"end":{"line":33,"column":5}},{"start":{"line":29,"column":4},"end":{"line":33,"column":5}}],"line":29},"2":{"loc":{"start":{"line":36,"column":4},"end":{"line":40,"column":5}},"type":"if","locations":[{"start":{"line":36,"column":4},"end":{"line":40,"column":5}},{"start":{"line":36,"column":4},"end":{"line":40,"column":5}}],"line":36},"3":{"loc":{"start":{"line":43,"column":4},"end":{"line":47,"column":5}},"type":"if","locations":[{"start":{"line":43,"column":4},"end":{"line":47,"column":5}},{"start":{"line":43,"column":4},"end":{"line":47,"column":5}}],"line":43},"4":{"loc":{"start":{"line":56,"column":4},"end":{"line":58,"column":5}},"type":"if","locations":[{"start":{"line":56,"column":4},"end":{"line":58,"column":5}},{"start":{"line":56,"column":4},"end":{"line":58,"column":5}}],"line":56},"5":{"loc":{"start":{"line":61,"column":4},"end":{"line":63,"column":5}},"type":"if","locations":[{"start":{"line":61,"column":4},"end":{"line":63,"column":5}},{"start":{"line":61,"column":4},"end":{"line":63,"column":5}}],"line":61},"6":{"loc":{"start":{"line":66,"column":4},"end":{"line":68,"column":5}},"type":"if","locations":[{"start":{"line":66,"column":4},"end":{"line":68,"column":5}},{"start":{"line":66,"column":4},"end":{"line":68,"column":5}}],"line":66},"7":{"loc":{"start":{"line":71,"column":4},"end":{"line":75,"column":5}},"type":"if","locations":[{"start":{"line":71,"column":4},"end":{"line":75,"column":5}},{"start":{"line":71,"column":4},"end":{"line":75,"column":5}}],"line":71},"8":{"loc":{"start":{"line":97,"column":4},"end":{"line":101,"column":5}},"type":"if","locations":[{"start":{"line":97,"column":4},"end":{"line":101,"column":5}},{"start":{"line":97,"column":4},"end":{"line":101,"column":5}}],"line":97},"9":{"loc":{"start":{"line":104,"column":4},"end":{"line":108,"column":5}},"type":"if","locations":[{"start":{"line":104,"column":4},"end":{"line":108,"column":5}},{"start":{"line":104,"column":4},"end":{"line":108,"column":5}}],"line":104},"10":{"loc":{"start":{"line":111,"column":4},"end":{"line":115,"column":5}},"type":"if","locations":[{"start":{"line":111,"column":4},"end":{"line":115,"column":5}},{"start":{"line":111,"column":4},"end":{"line":115,"column":5}}],"line":111},"11":{"loc":{"start":{"line":118,"column":4},"end":{"line":122,"column":5}},"type":"if","locations":[{"start":{"line":118,"column":4},"end":{"line":122,"column":5}},{"start":{"line":118,"column":4},"end":{"line":122,"column":5}}],"line":118},"12":{"loc":{"start":{"line":132,"column":4},"end":{"line":134,"column":5}},"type":"if","locations":[{"start":{"line":132,"column":4},"end":{"line":134,"column":5}},{"start":{"line":132,"column":4},"end":{"line":134,"column":5}}],"line":132},"13":{"loc":{"start":{"line":137,"column":4},"end":{"line":139,"column":5}},"type":"if","locations":[{"start":{"line":137,"column":4},"end":{"line":139,"column":5}},{"start":{"line":137,"column":4},"end":{"line":139,"column":5}}],"line":137},"14":{"loc":{"start":{"line":142,"column":4},"end":{"line":144,"column":5}},"type":"if","locations":[{"start":{"line":142,"column":4},"end":{"line":144,"column":5}},{"start":{"line":142,"column":4},"end":{"line":144,"column":5}}],"line":142},"15":{"loc":{"start":{"line":147,"column":4},"end":{"line":149,"column":5}},"type":"if","locations":[{"start":{"line":147,"column":4},"end":{"line":149,"column":5}},{"start":{"line":147,"column":4},"end":{"line":149,"column":5}}],"line":147},"16":{"loc":{"start":{"line":152,"column":4},"end":{"line":156,"column":5}},"type":"if","locations":[{"start":{"line":152,"column":4},"end":{"line":156,"column":5}},{"start":{"line":152,"column":4},"end":{"line":156,"column":5}}],"line":152},"17":{"loc":{"start":{"line":178,"column":4},"end":{"line":182,"column":5}},"type":"if","locations":[{"start":{"line":178,"column":4},"end":{"line":182,"column":5}},{"start":{"line":178,"column":4},"end":{"line":182,"column":5}}],"line":178},"18":{"loc":{"start":{"line":185,"column":4},"end":{"line":189,"column":5}},"type":"if","locations":[{"start":{"line":185,"column":4},"end":{"line":189,"column":5}},{"start":{"line":185,"column":4},"end":{"line":189,"column":5}}],"line":185},"19":{"loc":{"start":{"line":195,"column":4},"end":{"line":197,"column":5}},"type":"if","locations":[{"start":{"line":195,"column":4},"end":{"line":197,"column":5}},{"start":{"line":195,"column":4},"end":{"line":197,"column":5}}],"line":195},"20":{"loc":{"start":{"line":200,"column":4},"end":{"line":204,"column":5}},"type":"if","locations":[{"start":{"line":200,"column":4},"end":{"line":204,"column":5}},{"start":{"line":200,"column":4},"end":{"line":204,"column":5}}],"line":200}},"s":{"0":1,"1":1,"2":1,"3":1,"4":0,"5":0,"6":0,"7":0,"8":0,"9":1,"10":0,"11":0,"12":0,"13":0,"14":0,"15":0,"16":0,"17":0,"18":0,"19":0,"20":0,"21":0,"22":0,"23":0,"24":0,"25":0,"26":0,"27":0,"28":0,"29":0,"30":0,"31":0,"32":1,"33":0,"34":0,"35":0,"36":0,"37":0,"38":0,"39":0,"40":0,"41":0,"42":0,"43":0,"44":0,"45":0,"46":0,"47":0,"48":0,"49":0,"50":0,"51":0,"52":0,"53":0,"54":0,"55":0,"56":0,"57":0,"58":0,"59":1,"60":0,"61":0,"62":0,"63":0,"64":0,"65":0,"66":0,"67":0,"68":0,"69":0,"70":0,"71":0,"72":0},"f":{"0":0,"1":0,"2":0,"3":0},"b":{"0":[0,0],"1":[0,0],"2":[0,0],"3":[0,0],"4":[0,0],"5":[0,0],"6":[0,0],"7":[0,0],"8":[0,0],"9":[0,0],"10":[0,0],"11":[0,0],"12":[0,0],"13":[0,0],"14":[0,0],"15":[0,0],"16":[0,0],"17":[0,0],"18":[0,0],"19":[0,0],"20":[0,0]},"_coverageSchema":"1a1c01bbd47fc00a2c39e90264f33305004495a9","hash":"98660cd7e4047e4daf7ff5ca3ccfd36db4192f07"}
,"/Users/fahmialfareza/Code/Glints/Glints Batch #11/Boilerplate/Afternoon Class/Week 6/Day 30/models/barang.js": {"path":"/Users/fahmialfareza/Code/Glints/Glints Batch #11/Boilerplate/Afternoon Class/Week 6/Day 30/models/barang.js","statementMap":{"0":{"start":{"line":1,"column":17},"end":{"line":1,"column":36}},"1":{"start":{"line":2,"column":23},"end":{"line":2,"column":49}},"2":{"start":{"line":4,"column":21},"end":{"line":36,"column":1}},"3":{"start":{"line":40,"column":2},"end":{"line":42,"column":3}},"4":{"start":{"line":41,"column":4},"end":{"line":41,"column":16}},"5":{"start":{"line":44,"column":2},"end":{"line":44,"column":28}},"6":{"start":{"line":48,"column":0},"end":{"line":48,"column":64}},"7":{"start":{"line":50,"column":0},"end":{"line":50,"column":66}}},"fnMap":{"0":{"name":"getImage","decl":{"start":{"line":39,"column":9},"end":{"line":39,"column":17}},"loc":{"start":{"line":39,"column":25},"end":{"line":45,"column":1}},"line":39}},"branchMap":{"0":{"loc":{"start":{"line":40,"column":2},"end":{"line":42,"column":3}},"type":"if","locations":[{"start":{"line":40,"column":2},"end":{"line":42,"column":3}},{"start":{"line":40,"column":2},"end":{"line":42,"column":3}}],"line":40}},"s":{"0":1,"1":1,"2":1,"3":0,"4":0,"5":0,"6":1,"7":1},"f":{"0":0},"b":{"0":[0,0]},"_coverageSchema":"1a1c01bbd47fc00a2c39e90264f33305004495a9","hash":"665fed1f05766f437bb123757ab40d17c0fab9c4"}
,"/Users/fahmialfareza/Code/Glints/Glints Batch #11/Boilerplate/Afternoon Class/Week 6/Day 30/models/index.js": {"path":"/Users/fahmialfareza/Code/Glints/Glints Batch #11/Boilerplate/Afternoon Class/Week 6/Day 30/models/index.js","statementMap":{"0":{"start":{"line":1,"column":17},"end":{"line":1,"column":36}},"1":{"start":{"line":3,"column":12},"end":{"line":3,"column":33}},"2":{"start":{"line":6,"column":0},"end":{"line":14,"column":38}},"3":{"start":{"line":13,"column":14},"end":{"line":13,"column":47}},"4":{"start":{"line":14,"column":18},"end":{"line":14,"column":36}},"5":{"start":{"line":17,"column":15},"end":{"line":17,"column":34}},"6":{"start":{"line":18,"column":18},"end":{"line":18,"column":40}},"7":{"start":{"line":19,"column":16},"end":{"line":19,"column":36}},"8":{"start":{"line":20,"column":18},"end":{"line":20,"column":40}},"9":{"start":{"line":21,"column":13},"end":{"line":21,"column":30}},"10":{"start":{"line":23,"column":0},"end":{"line":23,"column":65}}},"fnMap":{"0":{"name":"(anonymous_0)","decl":{"start":{"line":13,"column":8},"end":{"line":13,"column":9}},"loc":{"start":{"line":13,"column":14},"end":{"line":13,"column":47}},"line":13},"1":{"name":"(anonymous_1)","decl":{"start":{"line":14,"column":9},"end":{"line":14,"column":10}},"loc":{"start":{"line":14,"column":18},"end":{"line":14,"column":36}},"line":14}},"branchMap":{},"s":{"0":1,"1":1,"2":1,"3":1,"4":0,"5":1,"6":1,"7":1,"8":1,"9":1,"10":1},"f":{"0":1,"1":0},"b":{},"_coverageSchema":"1a1c01bbd47fc00a2c39e90264f33305004495a9","hash":"1635cca5d47c8b632f84ad58892326606f516307"}
,"/Users/fahmialfareza/Code/Glints/Glints Batch #11/Boilerplate/Afternoon Class/Week 6/Day 30/models/pelanggan.js": {"path":"/Users/fahmialfareza/Code/Glints/Glints Batch #11/Boilerplate/Afternoon Class/Week 6/Day 30/models/pelanggan.js","statementMap":{"0":{"start":{"line":1,"column":17},"end":{"line":1,"column":36}},"1":{"start":{"line":2,"column":23},"end":{"line":2,"column":49}},"2":{"start":{"line":4,"column":24},"end":{"line":25,"column":1}},"3":{"start":{"line":29,"column":2},"end":{"line":31,"column":3}},"4":{"start":{"line":30,"column":4},"end":{"line":30,"column":16}},"5":{"start":{"line":33,"column":2},"end":{"line":33,"column":28}},"6":{"start":{"line":37,"column":0},"end":{"line":37,"column":67}},"7":{"start":{"line":39,"column":0},"end":{"line":39,"column":75}}},"fnMap":{"0":{"name":"getPhoto","decl":{"start":{"line":28,"column":9},"end":{"line":28,"column":17}},"loc":{"start":{"line":28,"column":25},"end":{"line":34,"column":1}},"line":28}},"branchMap":{"0":{"loc":{"start":{"line":29,"column":2},"end":{"line":31,"column":3}},"type":"if","locations":[{"start":{"line":29,"column":2},"end":{"line":31,"column":3}},{"start":{"line":29,"column":2},"end":{"line":31,"column":3}}],"line":29}},"s":{"0":1,"1":1,"2":1,"3":0,"4":0,"5":0,"6":1,"7":1},"f":{"0":0},"b":{"0":[0,0]},"_coverageSchema":"1a1c01bbd47fc00a2c39e90264f33305004495a9","hash":"86df148411a01978ce9eb5c05b284d9876b51421"}
,"/Users/fahmialfareza/Code/Glints/Glints Batch #11/Boilerplate/Afternoon Class/Week 6/Day 30/models/pemasok.js": {"path":"/Users/fahmialfareza/Code/Glints/Glints Batch #11/Boilerplate/Afternoon Class/Week 6/Day 30/models/pemasok.js","statementMap":{"0":{"start":{"line":1,"column":17},"end":{"line":1,"column":36}},"1":{"start":{"line":2,"column":23},"end":{"line":2,"column":49}},"2":{"start":{"line":4,"column":22},"end":{"line":25,"column":1}},"3":{"start":{"line":29,"column":2},"end":{"line":31,"column":3}},"4":{"start":{"line":30,"column":4},"end":{"line":30,"column":16}},"5":{"start":{"line":33,"column":2},"end":{"line":33,"column":28}},"6":{"start":{"line":37,"column":0},"end":{"line":37,"column":65}},"7":{"start":{"line":39,"column":0},"end":{"line":39,"column":69}}},"fnMap":{"0":{"name":"getPhoto","decl":{"start":{"line":28,"column":9},"end":{"line":28,"column":17}},"loc":{"start":{"line":28,"column":25},"end":{"line":34,"column":1}},"line":28}},"branchMap":{"0":{"loc":{"start":{"line":29,"column":2},"end":{"line":31,"column":3}},"type":"if","locations":[{"start":{"line":29,"column":2},"end":{"line":31,"column":3}},{"start":{"line":29,"column":2},"end":{"line":31,"column":3}}],"line":29}},"s":{"0":1,"1":1,"2":1,"3":0,"4":0,"5":0,"6":1,"7":1},"f":{"0":0},"b":{"0":[0,0]},"_coverageSchema":"1a1c01bbd47fc00a2c39e90264f33305004495a9","hash":"0a149565c8f4da6c148176423a0bb24a5777f342"}
,"/Users/fahmialfareza/Code/Glints/Glints Batch #11/Boilerplate/Afternoon Class/Week 6/Day 30/models/transaksi.js": {"path":"/Users/fahmialfareza/Code/Glints/Glints Batch #11/Boilerplate/Afternoon Class/Week 6/Day 30/models/transaksi.js","statementMap":{"0":{"start":{"line":1,"column":17},"end":{"line":1,"column":36}},"1":{"start":{"line":2,"column":23},"end":{"line":2,"column":49}},"2":{"start":{"line":4,"column":24},"end":{"line":30,"column":1}},"3":{"start":{"line":33,"column":0},"end":{"line":33,"column":67}},"4":{"start":{"line":35,"column":0},"end":{"line":35,"column":75}}},"fnMap":{},"branchMap":{},"s":{"0":1,"1":1,"2":1,"3":1,"4":1},"f":{},"b":{},"_coverageSchema":"1a1c01bbd47fc00a2c39e90264f33305004495a9","hash":"c90ebcae05a051180d02add49ac3b47db4d624fe"}
,"/Users/fahmialfareza/Code/Glints/Glints Batch #11/Boilerplate/Afternoon Class/Week 6/Day 30/models/user.js": {"path":"/Users/fahmialfareza/Code/Glints/Glints Batch #11/Boilerplate/Afternoon Class/Week 6/Day 30/models/user.js","statementMap":{"0":{"start":{"line":1,"column":17},"end":{"line":1,"column":36}},"1":{"start":{"line":2,"column":23},"end":{"line":2,"column":49}},"2":{"start":{"line":3,"column":15},"end":{"line":3,"column":32}},"3":{"start":{"line":5,"column":19},"end":{"line":34,"column":1}},"4":{"start":{"line":37,"column":26},"end":{"line":37,"column":55}},"5":{"start":{"line":38,"column":2},"end":{"line":38,"column":25}},"6":{"start":{"line":42,"column":0},"end":{"line":42,"column":62}},"7":{"start":{"line":44,"column":0},"end":{"line":44,"column":52}}},"fnMap":{"0":{"name":"encryptPassword","decl":{"start":{"line":36,"column":9},"end":{"line":36,"column":24}},"loc":{"start":{"line":36,"column":35},"end":{"line":39,"column":1}},"line":36}},"branchMap":{},"s":{"0":1,"1":1,"2":1,"3":1,"4":2,"5":2,"6":1,"7":1},"f":{"0":2},"b":{},"_coverageSchema":"1a1c01bbd47fc00a2c39e90264f33305004495a9","hash":"4b24c4a1747ded63799869b3e4e35dea80cb33ed"}
,"/Users/fahmialfareza/Code/Glints/Glints Batch #11/Boilerplate/Afternoon Class/Week 6/Day 30/routes/authRoutes.js": {"path":"/Users/fahmialfareza/Code/Glints/Glints Batch #11/Boilerplate/Afternoon Class/Week 6/Day 30/routes/authRoutes.js","statementMap":{"0":{"start":{"line":1,"column":16},"end":{"line":1,"column":34}},"1":{"start":{"line":2,"column":17},"end":{"line":2,"column":36}},"2":{"start":{"line":5,"column":22},"end":{"line":5,"column":72}},"3":{"start":{"line":8,"column":23},"end":{"line":8,"column":63}},"4":{"start":{"line":11,"column":13},"end":{"line":11,"column":43}},"5":{"start":{"line":14,"column":15},"end":{"line":14,"column":31}},"6":{"start":{"line":17,"column":0},"end":{"line":22,"column":2}},"7":{"start":{"line":25,"column":0},"end":{"line":30,"column":2}},"8":{"start":{"line":32,"column":0},"end":{"line":32,"column":24}}},"fnMap":{},"branchMap":{},"s":{"0":1,"1":1,"2":1,"3":1,"4":1,"5":1,"6":1,"7":1,"8":1},"f":{},"b":{},"_coverageSchema":"1a1c01bbd47fc00a2c39e90264f33305004495a9","hash":"369b75832e28ede1ad8486bfe919bb47998facaf"}
,"/Users/fahmialfareza/Code/Glints/Glints Batch #11/Boilerplate/Afternoon Class/Week 6/Day 30/routes/barangRoutes.js": {"path":"/Users/fahmialfareza/Code/Glints/Glints Batch #11/Boilerplate/Afternoon Class/Week 6/Day 30/routes/barangRoutes.js","statementMap":{"0":{"start":{"line":1,"column":16},"end":{"line":1,"column":34}},"1":{"start":{"line":2,"column":15},"end":{"line":2,"column":31}},"2":{"start":{"line":5,"column":24},"end":{"line":5,"column":76}},"3":{"start":{"line":8,"column":25},"end":{"line":8,"column":67}},"4":{"start":{"line":10,"column":0},"end":{"line":10,"column":41}},"5":{"start":{"line":15,"column":0},"end":{"line":15,"column":66}},"6":{"start":{"line":17,"column":0},"end":{"line":17,"column":24}}},"fnMap":{},"branchMap":{},"s":{"0":1,"1":1,"2":1,"3":1,"4":1,"5":1,"6":1},"f":{},"b":{},"_coverageSchema":"1a1c01bbd47fc00a2c39e90264f33305004495a9","hash":"a46ab0391042614d2fca9306378d35fd464aaaad"}
,"/Users/fahmialfareza/Code/Glints/Glints Batch #11/Boilerplate/Afternoon Class/Week 6/Day 30/routes/pelangganRoutes.js": {"path":"/Users/fahmialfareza/Code/Glints/Glints Batch #11/Boilerplate/Afternoon Class/Week 6/Day 30/routes/pelangganRoutes.js","statementMap":{"0":{"start":{"line":1,"column":16},"end":{"line":1,"column":34}},"1":{"start":{"line":4,"column":28},"end":{"line":4,"column":73}},"2":{"start":{"line":7,"column":13},"end":{"line":7,"column":43}},"3":{"start":{"line":10,"column":15},"end":{"line":10,"column":31}},"4":{"start":{"line":12,"column":0},"end":{"line":12,"column":50}},"5":{"start":{"line":14,"column":0},"end":{"line":14,"column":24}}},"fnMap":{},"branchMap":{},"s":{"0":1,"1":1,"2":1,"3":1,"4":1,"5":1},"f":{},"b":{},"_coverageSchema":"1a1c01bbd47fc00a2c39e90264f33305004495a9","hash":"7f35b3db60f34a60971ed75810d778148ea240ef"}
,"/Users/fahmialfareza/Code/Glints/Glints Batch #11/Boilerplate/Afternoon Class/Week 6/Day 30/routes/transaksiRoutes.js": {"path":"/Users/fahmialfareza/Code/Glints/Glints Batch #11/Boilerplate/Afternoon Class/Week 6/Day 30/routes/transaksiRoutes.js","statementMap":{"0":{"start":{"line":1,"column":16},"end":{"line":1,"column":34}},"1":{"start":{"line":4,"column":27},"end":{"line":4,"column":82}},"2":{"start":{"line":7,"column":28},"end":{"line":7,"column":73}},"3":{"start":{"line":10,"column":13},"end":{"line":10,"column":43}},"4":{"start":{"line":13,"column":15},"end":{"line":13,"column":31}},"5":{"start":{"line":15,"column":0},"end":{"line":18,"column":75}},"6":{"start":{"line":20,"column":0},"end":{"line":24,"column":77}},"7":{"start":{"line":61,"column":0},"end":{"line":61,"column":24}}},"fnMap":{},"branchMap":{},"s":{"0":1,"1":1,"2":1,"3":1,"4":1,"5":1,"6":1,"7":1},"f":{},"b":{},"_coverageSchema":"1a1c01bbd47fc00a2c39e90264f33305004495a9","hash":"fe40ec34269031bad2e4c3fcf3be6a3eab4d765e"}
}
