{"/Users/fahmialfareza/Code/My Code/Glints/Glints Batch #11/Boilerplate/index.js": {"path":"/Users/fahmialfareza/Code/My Code/Glints/Glints Batch #11/Boilerplate/index.js","statementMap":{"0":{"start":{"line":1,"column":0},"end":{"line":3,"column":3}},"1":{"start":{"line":5,"column":16},"end":{"line":5,"column":34}},"2":{"start":{"line":6,"column":12},"end":{"line":6,"column":21}},"3":{"start":{"line":9,"column":21},"end":{"line":9,"column":53}},"4":{"start":{"line":10,"column":24},"end":{"line":10,"column":59}},"5":{"start":{"line":13,"column":0},"end":{"line":13,"column":24}},"6":{"start":{"line":14,"column":0},"end":{"line":18,"column":2}},"7":{"start":{"line":21,"column":0},"end":{"line":21,"column":34}},"8":{"start":{"line":24,"column":0},"end":{"line":24,"column":32}},"9":{"start":{"line":26,"column":0},"end":{"line":26,"column":33}},"10":{"start":{"line":27,"column":0},"end":{"line":27,"column":39}},"11":{"start":{"line":30,"column":0},"end":{"line":32,"column":1}},"12":{"start":{"line":31,"column":2},"end":{"line":31,"column":69}},"13":{"start":{"line":31,"column":25},"end":{"line":31,"column":67}},"14":{"start":{"line":34,"column":0},"end":{"line":34,"column":21}}},"fnMap":{"0":{"name":"(anonymous_0)","decl":{"start":{"line":31,"column":19},"end":{"line":31,"column":20}},"loc":{"start":{"line":31,"column":25},"end":{"line":31,"column":67}},"line":31}},"branchMap":{"0":{"loc":{"start":{"line":30,"column":0},"end":{"line":32,"column":1}},"type":"if","locations":[{"start":{"line":30,"column":0},"end":{"line":32,"column":1}},{"start":{"line":30,"column":0},"end":{"line":32,"column":1}}],"line":30}},"s":{"0":1,"1":1,"2":1,"3":1,"4":1,"5":1,"6":1,"7":1,"8":1,"9":1,"10":1,"11":1,"12":0,"13":0,"14":1},"f":{"0":0},"b":{"0":[0,1]},"_coverageSchema":"1a1c01bbd47fc00a2c39e90264f33305004495a9","hash":"f0a46b8b78183b39072f6b42a37da3cb48f1d286"}
,"/Users/fahmialfareza/Code/My Code/Glints/Glints Batch #11/Boilerplate/config/config.js": {"path":"/Users/fahmialfareza/Code/My Code/Glints/Glints Batch #11/Boilerplate/config/config.js","statementMap":{"0":{"start":{"line":1,"column":0},"end":{"line":3,"column":3}},"1":{"start":{"line":5,"column":0},"end":{"line":27,"column":2}}},"fnMap":{},"branchMap":{},"s":{"0":1,"1":1},"f":{},"b":{},"_coverageSchema":"1a1c01bbd47fc00a2c39e90264f33305004495a9","hash":"2f2c566f2bdaeb4c4f59c3971e75bcf5b176ae1c"}
,"/Users/fahmialfareza/Code/My Code/Glints/Glints Batch #11/Boilerplate/controllers/barangController.js": {"path":"/Users/fahmialfareza/Code/My Code/Glints/Glints Batch #11/Boilerplate/controllers/barangController.js","statementMap":{"0":{"start":{"line":1,"column":39},"end":{"line":1,"column":59}},"1":{"start":{"line":6,"column":4},"end":{"line":24,"column":5}},"2":{"start":{"line":7,"column":17},"end":{"line":13,"column":8}},"3":{"start":{"line":15,"column":6},"end":{"line":18,"column":9}},"4":{"start":{"line":20,"column":6},"end":{"line":23,"column":9}},"5":{"start":{"line":29,"column":4},"end":{"line":57,"column":5}},"6":{"start":{"line":30,"column":24},"end":{"line":35,"column":8}},"7":{"start":{"line":37,"column":17},"end":{"line":46,"column":8}},"8":{"start":{"line":48,"column":6},"end":{"line":51,"column":9}},"9":{"start":{"line":53,"column":6},"end":{"line":56,"column":9}},"10":{"start":{"line":61,"column":0},"end":{"line":61,"column":40}}},"fnMap":{"0":{"name":"(anonymous_0)","decl":{"start":{"line":5,"column":2},"end":{"line":5,"column":3}},"loc":{"start":{"line":5,"column":25},"end":{"line":25,"column":3}},"line":5},"1":{"name":"(anonymous_1)","decl":{"start":{"line":28,"column":2},"end":{"line":28,"column":3}},"loc":{"start":{"line":28,"column":25},"end":{"line":58,"column":3}},"line":28}},"branchMap":{"0":{"loc":{"start":{"line":34,"column":15},"end":{"line":34,"column":53}},"type":"cond-expr","locations":[{"start":{"line":34,"column":32},"end":{"line":34,"column":46}},{"start":{"line":34,"column":49},"end":{"line":34,"column":53}}],"line":34}},"s":{"0":1,"1":0,"2":0,"3":0,"4":0,"5":0,"6":0,"7":0,"8":0,"9":0,"10":1},"f":{"0":0,"1":0},"b":{"0":[0,0]},"_coverageSchema":"1a1c01bbd47fc00a2c39e90264f33305004495a9","hash":"0729da7f6f329a2f2f54a0755e5da4a3bb8c64f7"}
,"/Users/fahmialfareza/Code/My Code/Glints/Glints Batch #11/Boilerplate/controllers/transaksiController.js": {"path":"/Users/fahmialfareza/Code/My Code/Glints/Glints Batch #11/Boilerplate/controllers/transaksiController.js","statementMap":{"0":{"start":{"line":1,"column":50},"end":{"line":1,"column":70}},"1":{"start":{"line":6,"column":4},"end":{"line":45,"column":5}},"2":{"start":{"line":7,"column":17},"end":{"line":25,"column":8}},"3":{"start":{"line":28,"column":6},"end":{"line":32,"column":7}},"4":{"start":{"line":29,"column":8},"end":{"line":31,"column":11}},"5":{"start":{"line":35,"column":6},"end":{"line":38,"column":9}},"6":{"start":{"line":41,"column":6},"end":{"line":44,"column":9}},"7":{"start":{"line":52,"column":4},"end":{"line":92,"column":9}},"8":{"start":{"line":74,"column":8},"end":{"line":78,"column":9}},"9":{"start":{"line":75,"column":10},"end":{"line":77,"column":13}},"10":{"start":{"line":81,"column":8},"end":{"line":84,"column":11}},"11":{"start":{"line":88,"column":8},"end":{"line":91,"column":11}},"12":{"start":{"line":97,"column":4},"end":{"line":138,"column":5}},"13":{"start":{"line":99,"column":24},"end":{"line":104,"column":8}},"14":{"start":{"line":107,"column":17},"end":{"line":125,"column":8}},"15":{"start":{"line":128,"column":6},"end":{"line":131,"column":9}},"16":{"start":{"line":134,"column":6},"end":{"line":137,"column":9}},"17":{"start":{"line":143,"column":17},"end":{"line":148,"column":5}},"18":{"start":{"line":150,"column":4},"end":{"line":190,"column":5}},"19":{"start":{"line":152,"column":24},"end":{"line":156,"column":8}},"20":{"start":{"line":159,"column":17},"end":{"line":177,"column":8}},"21":{"start":{"line":180,"column":6},"end":{"line":183,"column":9}},"22":{"start":{"line":186,"column":6},"end":{"line":189,"column":9}},"23":{"start":{"line":195,"column":4},"end":{"line":216,"column":5}},"24":{"start":{"line":197,"column":17},"end":{"line":197,"column":74}},"25":{"start":{"line":200,"column":6},"end":{"line":204,"column":7}},"26":{"start":{"line":201,"column":8},"end":{"line":203,"column":11}},"27":{"start":{"line":207,"column":6},"end":{"line":209,"column":9}},"28":{"start":{"line":212,"column":6},"end":{"line":215,"column":9}},"29":{"start":{"line":220,"column":0},"end":{"line":220,"column":43}}},"fnMap":{"0":{"name":"(anonymous_0)","decl":{"start":{"line":5,"column":2},"end":{"line":5,"column":3}},"loc":{"start":{"line":5,"column":25},"end":{"line":46,"column":3}},"line":5},"1":{"name":"(anonymous_1)","decl":{"start":{"line":49,"column":2},"end":{"line":49,"column":3}},"loc":{"start":{"line":49,"column":19},"end":{"line":93,"column":3}},"line":49},"2":{"name":"(anonymous_2)","decl":{"start":{"line":72,"column":12},"end":{"line":72,"column":13}},"loc":{"start":{"line":72,"column":22},"end":{"line":85,"column":7}},"line":72},"3":{"name":"(anonymous_3)","decl":{"start":{"line":86,"column":13},"end":{"line":86,"column":14}},"loc":{"start":{"line":86,"column":20},"end":{"line":92,"column":7}},"line":86},"4":{"name":"(anonymous_4)","decl":{"start":{"line":96,"column":2},"end":{"line":96,"column":3}},"loc":{"start":{"line":96,"column":25},"end":{"line":139,"column":3}},"line":96},"5":{"name":"(anonymous_5)","decl":{"start":{"line":142,"column":2},"end":{"line":142,"column":3}},"loc":{"start":{"line":142,"column":25},"end":{"line":191,"column":3}},"line":142},"6":{"name":"(anonymous_6)","decl":{"start":{"line":194,"column":2},"end":{"line":194,"column":3}},"loc":{"start":{"line":194,"column":25},"end":{"line":217,"column":3}},"line":194}},"branchMap":{"0":{"loc":{"start":{"line":28,"column":6},"end":{"line":32,"column":7}},"type":"if","locations":[{"start":{"line":28,"column":6},"end":{"line":32,"column":7}},{"start":{"line":28,"column":6},"end":{"line":32,"column":7}}],"line":28},"1":{"loc":{"start":{"line":74,"column":8},"end":{"line":78,"column":9}},"type":"if","locations":[{"start":{"line":74,"column":8},"end":{"line":78,"column":9}},{"start":{"line":74,"column":8},"end":{"line":78,"column":9}}],"line":74},"2":{"loc":{"start":{"line":200,"column":6},"end":{"line":204,"column":7}},"type":"if","locations":[{"start":{"line":200,"column":6},"end":{"line":204,"column":7}},{"start":{"line":200,"column":6},"end":{"line":204,"column":7}}],"line":200}},"s":{"0":1,"1":1,"2":1,"3":1,"4":0,"5":1,"6":0,"7":0,"8":0,"9":0,"10":0,"11":0,"12":0,"13":0,"14":0,"15":0,"16":0,"17":0,"18":0,"19":0,"20":0,"21":0,"22":0,"23":0,"24":0,"25":0,"26":0,"27":0,"28":0,"29":1},"f":{"0":1,"1":0,"2":0,"3":0,"4":0,"5":0,"6":0},"b":{"0":[0,1],"1":[0,0],"2":[0,0]},"_coverageSchema":"1a1c01bbd47fc00a2c39e90264f33305004495a9","hash":"78ea982d657a41385cff3242a98d1fd47730f404"}
,"/Users/fahmialfareza/Code/My Code/Glints/Glints Batch #11/Boilerplate/middlewares/uploads/imageUpload.js": {"path":"/Users/fahmialfareza/Code/My Code/Glints/Glints Batch #11/Boilerplate/middlewares/uploads/imageUpload.js","statementMap":{"0":{"start":{"line":1,"column":15},"end":{"line":1,"column":32}},"1":{"start":{"line":2,"column":13},"end":{"line":2,"column":28}},"2":{"start":{"line":3,"column":15},"end":{"line":3,"column":32}},"3":{"start":{"line":5,"column":18},"end":{"line":5,"column":28}},"4":{"start":{"line":6,"column":16},"end":{"line":17,"column":2}},"5":{"start":{"line":9,"column":4},"end":{"line":15,"column":7}},"6":{"start":{"line":11,"column":6},"end":{"line":11,"column":30}},"7":{"start":{"line":11,"column":15},"end":{"line":11,"column":30}},"8":{"start":{"line":14,"column":6},"end":{"line":14,"column":70}},"9":{"start":{"line":22,"column":2},"end":{"line":33,"column":3}},"10":{"start":{"line":29,"column":4},"end":{"line":29,"column":19}},"11":{"start":{"line":32,"column":4},"end":{"line":32,"column":51}},"12":{"start":{"line":37,"column":15},"end":{"line":40,"column":18}},"13":{"start":{"line":43,"column":0},"end":{"line":63,"column":2}},"14":{"start":{"line":44,"column":2},"end":{"line":62,"column":5}},"15":{"start":{"line":46,"column":4},"end":{"line":56,"column":5}},"16":{"start":{"line":48,"column":6},"end":{"line":50,"column":9}},"17":{"start":{"line":51,"column":11},"end":{"line":56,"column":5}},"18":{"start":{"line":53,"column":6},"end":{"line":55,"column":9}},"19":{"start":{"line":59,"column":4},"end":{"line":59,"column":53}},"20":{"start":{"line":59,"column":18},"end":{"line":59,"column":53}},"21":{"start":{"line":61,"column":4},"end":{"line":61,"column":11}}},"fnMap":{"0":{"name":"(anonymous_0)","decl":{"start":{"line":8,"column":12},"end":{"line":8,"column":13}},"loc":{"start":{"line":8,"column":37},"end":{"line":16,"column":3}},"line":8},"1":{"name":"(anonymous_1)","decl":{"start":{"line":9,"column":33},"end":{"line":9,"column":34}},"loc":{"start":{"line":9,"column":53},"end":{"line":15,"column":5}},"line":9},"2":{"name":"fileFilter","decl":{"start":{"line":21,"column":9},"end":{"line":21,"column":19}},"loc":{"start":{"line":21,"column":35},"end":{"line":34,"column":1}},"line":21},"3":{"name":"(anonymous_3)","decl":{"start":{"line":43,"column":29},"end":{"line":43,"column":30}},"loc":{"start":{"line":43,"column":49},"end":{"line":63,"column":1}},"line":43},"4":{"name":"(anonymous_4)","decl":{"start":{"line":44,"column":19},"end":{"line":44,"column":20}},"loc":{"start":{"line":44,"column":28},"end":{"line":62,"column":3}},"line":44}},"branchMap":{"0":{"loc":{"start":{"line":11,"column":6},"end":{"line":11,"column":30}},"type":"if","locations":[{"start":{"line":11,"column":6},"end":{"line":11,"column":30}},{"start":{"line":11,"column":6},"end":{"line":11,"column":30}}],"line":11},"1":{"loc":{"start":{"line":22,"column":2},"end":{"line":33,"column":3}},"type":"if","locations":[{"start":{"line":22,"column":2},"end":{"line":33,"column":3}},{"start":{"line":22,"column":2},"end":{"line":33,"column":3}}],"line":22},"2":{"loc":{"start":{"line":23,"column":4},"end":{"line":26,"column":32}},"type":"binary-expr","locations":[{"start":{"line":23,"column":4},"end":{"line":23,"column":33}},{"start":{"line":24,"column":4},"end":{"line":24,"column":32}},{"start":{"line":25,"column":4},"end":{"line":25,"column":32}},{"start":{"line":26,"column":4},"end":{"line":26,"column":32}}],"line":23},"3":{"loc":{"start":{"line":46,"column":4},"end":{"line":56,"column":5}},"type":"if","locations":[{"start":{"line":46,"column":4},"end":{"line":56,"column":5}},{"start":{"line":46,"column":4},"end":{"line":56,"column":5}}],"line":46},"4":{"loc":{"start":{"line":51,"column":11},"end":{"line":56,"column":5}},"type":"if","locations":[{"start":{"line":51,"column":11},"end":{"line":56,"column":5}},{"start":{"line":51,"column":11},"end":{"line":56,"column":5}}],"line":51},"5":{"loc":{"start":{"line":59,"column":4},"end":{"line":59,"column":53}},"type":"if","locations":[{"start":{"line":59,"column":4},"end":{"line":59,"column":53}},{"start":{"line":59,"column":4},"end":{"line":59,"column":53}}],"line":59}},"s":{"0":1,"1":1,"2":1,"3":1,"4":1,"5":0,"6":0,"7":0,"8":0,"9":0,"10":0,"11":0,"12":1,"13":1,"14":0,"15":0,"16":0,"17":0,"18":0,"19":0,"20":0,"21":0},"f":{"0":0,"1":0,"2":0,"3":0,"4":0},"b":{"0":[0,0],"1":[0,0],"2":[0,0,0,0],"3":[0,0],"4":[0,0],"5":[0,0]},"_coverageSchema":"1a1c01bbd47fc00a2c39e90264f33305004495a9","hash":"e125b364bf2abbb5a0825726bcb200b205247cc9"}
,"/Users/fahmialfareza/Code/My Code/Glints/Glints Batch #11/Boilerplate/middlewares/validators/barangValidator.js": {"path":"/Users/fahmialfareza/Code/My Code/Glints/Glints Batch #11/Boilerplate/middlewares/validators/barangValidator.js","statementMap":{"0":{"start":{"line":1,"column":39},"end":{"line":1,"column":62}},"1":{"start":{"line":2,"column":18},"end":{"line":2,"column":38}},"2":{"start":{"line":4,"column":0},"end":{"line":41,"column":2}},"3":{"start":{"line":5,"column":2},"end":{"line":40,"column":3}},"4":{"start":{"line":7,"column":22},"end":{"line":11,"column":6}},"5":{"start":{"line":13,"column":17},"end":{"line":13,"column":19}},"6":{"start":{"line":16,"column":4},"end":{"line":18,"column":5}},"7":{"start":{"line":17,"column":6},"end":{"line":17,"column":39}},"8":{"start":{"line":21,"column":4},"end":{"line":23,"column":5}},"9":{"start":{"line":22,"column":6},"end":{"line":22,"column":44}},"10":{"start":{"line":26,"column":4},"end":{"line":31,"column":5}},"11":{"start":{"line":28,"column":6},"end":{"line":30,"column":9}},"12":{"start":{"line":34,"column":4},"end":{"line":34,"column":11}},"13":{"start":{"line":36,"column":4},"end":{"line":39,"column":7}}},"fnMap":{"0":{"name":"(anonymous_0)","decl":{"start":{"line":4,"column":24},"end":{"line":4,"column":25}},"loc":{"start":{"line":4,"column":50},"end":{"line":41,"column":1}},"line":4}},"branchMap":{"0":{"loc":{"start":{"line":16,"column":4},"end":{"line":18,"column":5}},"type":"if","locations":[{"start":{"line":16,"column":4},"end":{"line":18,"column":5}},{"start":{"line":16,"column":4},"end":{"line":18,"column":5}}],"line":16},"1":{"loc":{"start":{"line":21,"column":4},"end":{"line":23,"column":5}},"type":"if","locations":[{"start":{"line":21,"column":4},"end":{"line":23,"column":5}},{"start":{"line":21,"column":4},"end":{"line":23,"column":5}}],"line":21},"2":{"loc":{"start":{"line":26,"column":4},"end":{"line":31,"column":5}},"type":"if","locations":[{"start":{"line":26,"column":4},"end":{"line":31,"column":5}},{"start":{"line":26,"column":4},"end":{"line":31,"column":5}}],"line":26}},"s":{"0":1,"1":1,"2":1,"3":0,"4":0,"5":0,"6":0,"7":0,"8":0,"9":0,"10":0,"11":0,"12":0,"13":0},"f":{"0":0},"b":{"0":[0,0],"1":[0,0],"2":[0,0]},"_coverageSchema":"1a1c01bbd47fc00a2c39e90264f33305004495a9","hash":"183ac0fb5bb0e03c9639328bc44a77324eb60642"}
,"/Users/fahmialfareza/Code/My Code/Glints/Glints Batch #11/Boilerplate/middlewares/validators/transaksiValidator.js": {"path":"/Users/fahmialfareza/Code/My Code/Glints/Glints Batch #11/Boilerplate/middlewares/validators/transaksiValidator.js","statementMap":{"0":{"start":{"line":1,"column":50},"end":{"line":1,"column":73}},"1":{"start":{"line":2,"column":18},"end":{"line":2,"column":38}},"2":{"start":{"line":4,"column":0},"end":{"line":55,"column":2}},"3":{"start":{"line":5,"column":2},"end":{"line":54,"column":3}},"4":{"start":{"line":7,"column":19},"end":{"line":14,"column":6}},"5":{"start":{"line":17,"column":17},"end":{"line":17,"column":19}},"6":{"start":{"line":20,"column":4},"end":{"line":22,"column":5}},"7":{"start":{"line":21,"column":6},"end":{"line":21,"column":38}},"8":{"start":{"line":25,"column":4},"end":{"line":27,"column":5}},"9":{"start":{"line":26,"column":6},"end":{"line":26,"column":41}},"10":{"start":{"line":29,"column":4},"end":{"line":31,"column":5}},"11":{"start":{"line":30,"column":6},"end":{"line":30,"column":45}},"12":{"start":{"line":34,"column":4},"end":{"line":39,"column":5}},"13":{"start":{"line":36,"column":6},"end":{"line":38,"column":9}},"14":{"start":{"line":42,"column":16},"end":{"line":42,"column":33}},"15":{"start":{"line":45,"column":4},"end":{"line":45,"column":51}},"16":{"start":{"line":48,"column":4},"end":{"line":48,"column":11}},"17":{"start":{"line":50,"column":4},"end":{"line":53,"column":7}},"18":{"start":{"line":57,"column":0},"end":{"line":116,"column":2}},"19":{"start":{"line":58,"column":2},"end":{"line":115,"column":3}},"20":{"start":{"line":60,"column":19},"end":{"line":70,"column":6}},"21":{"start":{"line":73,"column":17},"end":{"line":73,"column":19}},"22":{"start":{"line":76,"column":4},"end":{"line":78,"column":5}},"23":{"start":{"line":77,"column":6},"end":{"line":77,"column":38}},"24":{"start":{"line":81,"column":4},"end":{"line":83,"column":5}},"25":{"start":{"line":82,"column":6},"end":{"line":82,"column":41}},"26":{"start":{"line":86,"column":4},"end":{"line":88,"column":5}},"27":{"start":{"line":87,"column":6},"end":{"line":87,"column":41}},"28":{"start":{"line":90,"column":4},"end":{"line":92,"column":5}},"29":{"start":{"line":91,"column":6},"end":{"line":91,"column":45}},"30":{"start":{"line":95,"column":4},"end":{"line":100,"column":5}},"31":{"start":{"line":97,"column":6},"end":{"line":99,"column":9}},"32":{"start":{"line":103,"column":16},"end":{"line":103,"column":33}},"33":{"start":{"line":106,"column":4},"end":{"line":106,"column":51}},"34":{"start":{"line":109,"column":4},"end":{"line":109,"column":11}},"35":{"start":{"line":111,"column":4},"end":{"line":114,"column":7}}},"fnMap":{"0":{"name":"(anonymous_0)","decl":{"start":{"line":4,"column":17},"end":{"line":4,"column":18}},"loc":{"start":{"line":4,"column":43},"end":{"line":55,"column":1}},"line":4},"1":{"name":"(anonymous_1)","decl":{"start":{"line":57,"column":17},"end":{"line":57,"column":18}},"loc":{"start":{"line":57,"column":43},"end":{"line":116,"column":1}},"line":57}},"branchMap":{"0":{"loc":{"start":{"line":20,"column":4},"end":{"line":22,"column":5}},"type":"if","locations":[{"start":{"line":20,"column":4},"end":{"line":22,"column":5}},{"start":{"line":20,"column":4},"end":{"line":22,"column":5}}],"line":20},"1":{"loc":{"start":{"line":25,"column":4},"end":{"line":27,"column":5}},"type":"if","locations":[{"start":{"line":25,"column":4},"end":{"line":27,"column":5}},{"start":{"line":25,"column":4},"end":{"line":27,"column":5}}],"line":25},"2":{"loc":{"start":{"line":29,"column":4},"end":{"line":31,"column":5}},"type":"if","locations":[{"start":{"line":29,"column":4},"end":{"line":31,"column":5}},{"start":{"line":29,"column":4},"end":{"line":31,"column":5}}],"line":29},"3":{"loc":{"start":{"line":34,"column":4},"end":{"line":39,"column":5}},"type":"if","locations":[{"start":{"line":34,"column":4},"end":{"line":39,"column":5}},{"start":{"line":34,"column":4},"end":{"line":39,"column":5}}],"line":34},"4":{"loc":{"start":{"line":76,"column":4},"end":{"line":78,"column":5}},"type":"if","locations":[{"start":{"line":76,"column":4},"end":{"line":78,"column":5}},{"start":{"line":76,"column":4},"end":{"line":78,"column":5}}],"line":76},"5":{"loc":{"start":{"line":81,"column":4},"end":{"line":83,"column":5}},"type":"if","locations":[{"start":{"line":81,"column":4},"end":{"line":83,"column":5}},{"start":{"line":81,"column":4},"end":{"line":83,"column":5}}],"line":81},"6":{"loc":{"start":{"line":86,"column":4},"end":{"line":88,"column":5}},"type":"if","locations":[{"start":{"line":86,"column":4},"end":{"line":88,"column":5}},{"start":{"line":86,"column":4},"end":{"line":88,"column":5}}],"line":86},"7":{"loc":{"start":{"line":90,"column":4},"end":{"line":92,"column":5}},"type":"if","locations":[{"start":{"line":90,"column":4},"end":{"line":92,"column":5}},{"start":{"line":90,"column":4},"end":{"line":92,"column":5}}],"line":90},"8":{"loc":{"start":{"line":95,"column":4},"end":{"line":100,"column":5}},"type":"if","locations":[{"start":{"line":95,"column":4},"end":{"line":100,"column":5}},{"start":{"line":95,"column":4},"end":{"line":100,"column":5}}],"line":95}},"s":{"0":1,"1":1,"2":1,"3":0,"4":0,"5":0,"6":0,"7":0,"8":0,"9":0,"10":0,"11":0,"12":0,"13":0,"14":0,"15":0,"16":0,"17":0,"18":1,"19":0,"20":0,"21":0,"22":0,"23":0,"24":0,"25":0,"26":0,"27":0,"28":0,"29":0,"30":0,"31":0,"32":0,"33":0,"34":0,"35":0},"f":{"0":0,"1":0},"b":{"0":[0,0],"1":[0,0],"2":[0,0],"3":[0,0],"4":[0,0],"5":[0,0],"6":[0,0],"7":[0,0],"8":[0,0]},"_coverageSchema":"1a1c01bbd47fc00a2c39e90264f33305004495a9","hash":"5b144f4227841e3dda71df657b9cebeb3a48352b"}
,"/Users/fahmialfareza/Code/My Code/Glints/Glints Batch #11/Boilerplate/models/barang.js": {"path":"/Users/fahmialfareza/Code/My Code/Glints/Glints Batch #11/Boilerplate/models/barang.js","statementMap":{"0":{"start":{"line":2,"column":18},"end":{"line":2,"column":38}},"1":{"start":{"line":3,"column":0},"end":{"line":42,"column":2}},"2":{"start":{"line":14,"column":2},"end":{"line":40,"column":4}},"3":{"start":{"line":23,"column":24},"end":{"line":23,"column":50}},"4":{"start":{"line":25,"column":10},"end":{"line":27,"column":11}},"5":{"start":{"line":26,"column":12},"end":{"line":26,"column":25}},"6":{"start":{"line":29,"column":10},"end":{"line":29,"column":36}},"7":{"start":{"line":41,"column":2},"end":{"line":41,"column":16}}},"fnMap":{"0":{"name":"(anonymous_0)","decl":{"start":{"line":3,"column":17},"end":{"line":3,"column":18}},"loc":{"start":{"line":3,"column":43},"end":{"line":42,"column":1}},"line":3},"1":{"name":"(anonymous_1)","decl":{"start":{"line":10,"column":4},"end":{"line":10,"column":5}},"loc":{"start":{"line":10,"column":29},"end":{"line":12,"column":5}},"line":10},"2":{"name":"(anonymous_2)","decl":{"start":{"line":22,"column":8},"end":{"line":22,"column":9}},"loc":{"start":{"line":22,"column":14},"end":{"line":30,"column":9}},"line":22}},"branchMap":{"0":{"loc":{"start":{"line":25,"column":10},"end":{"line":27,"column":11}},"type":"if","locations":[{"start":{"line":25,"column":10},"end":{"line":27,"column":11}},{"start":{"line":25,"column":10},"end":{"line":27,"column":11}}],"line":25}},"s":{"0":1,"1":1,"2":1,"3":0,"4":0,"5":0,"6":0,"7":1},"f":{"0":1,"1":1,"2":0},"b":{"0":[0,0]},"_coverageSchema":"1a1c01bbd47fc00a2c39e90264f33305004495a9","hash":"db7b66085f16d97608dce563ec12c676d625cffe"}
,"/Users/fahmialfareza/Code/My Code/Glints/Glints Batch #11/Boilerplate/models/index.js": {"path":"/Users/fahmialfareza/Code/My Code/Glints/Glints Batch #11/Boilerplate/models/index.js","statementMap":{"0":{"start":{"line":3,"column":11},"end":{"line":3,"column":24}},"1":{"start":{"line":4,"column":13},"end":{"line":4,"column":28}},"2":{"start":{"line":5,"column":18},"end":{"line":5,"column":38}},"3":{"start":{"line":6,"column":17},"end":{"line":6,"column":42}},"4":{"start":{"line":7,"column":12},"end":{"line":7,"column":49}},"5":{"start":{"line":8,"column":15},"end":{"line":8,"column":63}},"6":{"start":{"line":9,"column":11},"end":{"line":9,"column":13}},"7":{"start":{"line":12,"column":0},"end":{"line":21,"column":1}},"8":{"start":{"line":13,"column":2},"end":{"line":13,"column":74}},"9":{"start":{"line":15,"column":2},"end":{"line":20,"column":4}},"10":{"start":{"line":23,"column":0},"end":{"line":35,"column":5}},"11":{"start":{"line":25,"column":4},"end":{"line":27,"column":6}},"12":{"start":{"line":30,"column":18},"end":{"line":33,"column":5}},"13":{"start":{"line":34,"column":4},"end":{"line":34,"column":27}},"14":{"start":{"line":37,"column":0},"end":{"line":41,"column":3}},"15":{"start":{"line":38,"column":2},"end":{"line":40,"column":3}},"16":{"start":{"line":39,"column":4},"end":{"line":39,"column":32}},"17":{"start":{"line":43,"column":0},"end":{"line":43,"column":25}},"18":{"start":{"line":44,"column":0},"end":{"line":44,"column":25}},"19":{"start":{"line":46,"column":0},"end":{"line":46,"column":20}}},"fnMap":{"0":{"name":"(anonymous_0)","decl":{"start":{"line":24,"column":10},"end":{"line":24,"column":11}},"loc":{"start":{"line":24,"column":20},"end":{"line":28,"column":3}},"line":24},"1":{"name":"(anonymous_1)","decl":{"start":{"line":29,"column":11},"end":{"line":29,"column":12}},"loc":{"start":{"line":29,"column":21},"end":{"line":35,"column":3}},"line":29},"2":{"name":"(anonymous_2)","decl":{"start":{"line":37,"column":24},"end":{"line":37,"column":25}},"loc":{"start":{"line":37,"column":39},"end":{"line":41,"column":1}},"line":37}},"branchMap":{"0":{"loc":{"start":{"line":7,"column":12},"end":{"line":7,"column":49}},"type":"binary-expr","locations":[{"start":{"line":7,"column":12},"end":{"line":7,"column":32}},{"start":{"line":7,"column":36},"end":{"line":7,"column":49}}],"line":7},"1":{"loc":{"start":{"line":12,"column":0},"end":{"line":21,"column":1}},"type":"if","locations":[{"start":{"line":12,"column":0},"end":{"line":21,"column":1}},{"start":{"line":12,"column":0},"end":{"line":21,"column":1}}],"line":12},"2":{"loc":{"start":{"line":26,"column":6},"end":{"line":26,"column":78}},"type":"binary-expr","locations":[{"start":{"line":26,"column":6},"end":{"line":26,"column":29}},{"start":{"line":26,"column":33},"end":{"line":26,"column":50}},{"start":{"line":26,"column":54},"end":{"line":26,"column":78}}],"line":26},"3":{"loc":{"start":{"line":38,"column":2},"end":{"line":40,"column":3}},"type":"if","locations":[{"start":{"line":38,"column":2},"end":{"line":40,"column":3}},{"start":{"line":38,"column":2},"end":{"line":40,"column":3}}],"line":38}},"s":{"0":1,"1":1,"2":1,"3":1,"4":1,"5":1,"6":1,"7":1,"8":0,"9":1,"10":1,"11":5,"12":4,"13":4,"14":1,"15":4,"16":4,"17":1,"18":1,"19":1},"f":{"0":5,"1":4,"2":4},"b":{"0":[1,0],"1":[0,1],"2":[5,5,4],"3":[4,0]},"_coverageSchema":"1a1c01bbd47fc00a2c39e90264f33305004495a9","hash":"2a0ac1fe87f422cbc6c2b9d364853462d1038fa4"}
,"/Users/fahmialfareza/Code/My Code/Glints/Glints Batch #11/Boilerplate/models/pelanggan.js": {"path":"/Users/fahmialfareza/Code/My Code/Glints/Glints Batch #11/Boilerplate/models/pelanggan.js","statementMap":{"0":{"start":{"line":2,"column":18},"end":{"line":2,"column":38}},"1":{"start":{"line":3,"column":0},"end":{"line":27,"column":2}},"2":{"start":{"line":14,"column":2},"end":{"line":25,"column":4}},"3":{"start":{"line":26,"column":2},"end":{"line":26,"column":19}}},"fnMap":{"0":{"name":"(anonymous_0)","decl":{"start":{"line":3,"column":17},"end":{"line":3,"column":18}},"loc":{"start":{"line":3,"column":43},"end":{"line":27,"column":1}},"line":3},"1":{"name":"(anonymous_1)","decl":{"start":{"line":10,"column":4},"end":{"line":10,"column":5}},"loc":{"start":{"line":10,"column":29},"end":{"line":12,"column":5}},"line":10}},"branchMap":{},"s":{"0":1,"1":1,"2":1,"3":1},"f":{"0":1,"1":1},"b":{},"_coverageSchema":"1a1c01bbd47fc00a2c39e90264f33305004495a9","hash":"001ef7159b071421debe93248b766707a56a86b6"}
,"/Users/fahmialfareza/Code/My Code/Glints/Glints Batch #11/Boilerplate/models/pemasok.js": {"path":"/Users/fahmialfareza/Code/My Code/Glints/Glints Batch #11/Boilerplate/models/pemasok.js","statementMap":{"0":{"start":{"line":4,"column":4},"end":{"line":4,"column":24}},"1":{"start":{"line":5,"column":0},"end":{"line":26,"column":2}},"2":{"start":{"line":16,"column":2},"end":{"line":24,"column":5}},"3":{"start":{"line":25,"column":2},"end":{"line":25,"column":17}}},"fnMap":{"0":{"name":"(anonymous_0)","decl":{"start":{"line":5,"column":17},"end":{"line":5,"column":18}},"loc":{"start":{"line":5,"column":43},"end":{"line":26,"column":1}},"line":5},"1":{"name":"(anonymous_1)","decl":{"start":{"line":12,"column":4},"end":{"line":12,"column":5}},"loc":{"start":{"line":12,"column":29},"end":{"line":14,"column":5}},"line":12}},"branchMap":{},"s":{"0":1,"1":1,"2":1,"3":1},"f":{"0":1,"1":1},"b":{},"_coverageSchema":"1a1c01bbd47fc00a2c39e90264f33305004495a9","hash":"f867d909a2b57e7f42af1b208ac21b66432cafbc"}
,"/Users/fahmialfareza/Code/My Code/Glints/Glints Batch #11/Boilerplate/models/transaksi.js": {"path":"/Users/fahmialfareza/Code/My Code/Glints/Glints Batch #11/Boilerplate/models/transaksi.js","statementMap":{"0":{"start":{"line":4,"column":4},"end":{"line":4,"column":24}},"1":{"start":{"line":5,"column":0},"end":{"line":29,"column":2}},"2":{"start":{"line":16,"column":2},"end":{"line":27,"column":5}},"3":{"start":{"line":28,"column":2},"end":{"line":28,"column":19}}},"fnMap":{"0":{"name":"(anonymous_0)","decl":{"start":{"line":5,"column":17},"end":{"line":5,"column":18}},"loc":{"start":{"line":5,"column":43},"end":{"line":29,"column":1}},"line":5},"1":{"name":"(anonymous_1)","decl":{"start":{"line":12,"column":4},"end":{"line":12,"column":5}},"loc":{"start":{"line":12,"column":29},"end":{"line":14,"column":5}},"line":12}},"branchMap":{},"s":{"0":1,"1":1,"2":1,"3":1},"f":{"0":1,"1":1},"b":{},"_coverageSchema":"1a1c01bbd47fc00a2c39e90264f33305004495a9","hash":"5fe5f1df3787fd997f849c195da323dd567eb177"}
,"/Users/fahmialfareza/Code/My Code/Glints/Glints Batch #11/Boilerplate/routes/barangRoutes.js": {"path":"/Users/fahmialfareza/Code/My Code/Glints/Glints Batch #11/Boilerplate/routes/barangRoutes.js","statementMap":{"0":{"start":{"line":1,"column":16},"end":{"line":1,"column":34}},"1":{"start":{"line":2,"column":15},"end":{"line":2,"column":31}},"2":{"start":{"line":5,"column":24},"end":{"line":5,"column":69}},"3":{"start":{"line":6,"column":24},"end":{"line":6,"column":76}},"4":{"start":{"line":9,"column":25},"end":{"line":9,"column":67}},"5":{"start":{"line":12,"column":0},"end":{"line":12,"column":41}},"6":{"start":{"line":17,"column":0},"end":{"line":17,"column":79}},"7":{"start":{"line":19,"column":0},"end":{"line":19,"column":24}}},"fnMap":{},"branchMap":{},"s":{"0":1,"1":1,"2":1,"3":1,"4":1,"5":1,"6":1,"7":1},"f":{},"b":{},"_coverageSchema":"1a1c01bbd47fc00a2c39e90264f33305004495a9","hash":"6de8e7bd7b1d01d5be70f15314cc25dea7a16d89"}
,"/Users/fahmialfareza/Code/My Code/Glints/Glints Batch #11/Boilerplate/routes/transaksiRoutes.js": {"path":"/Users/fahmialfareza/Code/My Code/Glints/Glints Batch #11/Boilerplate/routes/transaksiRoutes.js","statementMap":{"0":{"start":{"line":1,"column":16},"end":{"line":1,"column":34}},"1":{"start":{"line":2,"column":15},"end":{"line":2,"column":31}},"2":{"start":{"line":5,"column":27},"end":{"line":5,"column":82}},"3":{"start":{"line":8,"column":28},"end":{"line":8,"column":73}},"4":{"start":{"line":11,"column":0},"end":{"line":11,"column":44}},"5":{"start":{"line":14,"column":0},"end":{"line":14,"column":47}},"6":{"start":{"line":18,"column":0},"end":{"line":18,"column":72}},"7":{"start":{"line":22,"column":0},"end":{"line":22,"column":74}},"8":{"start":{"line":25,"column":0},"end":{"line":25,"column":50}},"9":{"start":{"line":27,"column":0},"end":{"line":27,"column":24}}},"fnMap":{},"branchMap":{},"s":{"0":1,"1":1,"2":1,"3":1,"4":1,"5":1,"6":1,"7":1,"8":1,"9":1},"f":{},"b":{},"_coverageSchema":"1a1c01bbd47fc00a2c39e90264f33305004495a9","hash":"4c02966f5678d6908178a330cba589e82c71d3b1"}
,"/Users/fahmialfareza/Code/My Code/Glints/Glints Batch #11/Boilerplate/utils/associations.js": {"path":"/Users/fahmialfareza/Code/My Code/Glints/Glints Batch #11/Boilerplate/utils/associations.js","statementMap":{"0":{"start":{"line":1,"column":50},"end":{"line":1,"column":70}},"1":{"start":{"line":4,"column":0},"end":{"line":4,"column":54}},"2":{"start":{"line":5,"column":0},"end":{"line":5,"column":56}},"3":{"start":{"line":8,"column":0},"end":{"line":8,"column":55}},"4":{"start":{"line":9,"column":0},"end":{"line":9,"column":57}},"5":{"start":{"line":12,"column":0},"end":{"line":12,"column":61}},"6":{"start":{"line":13,"column":0},"end":{"line":13,"column":63}}},"fnMap":{},"branchMap":{},"s":{"0":1,"1":1,"2":1,"3":1,"4":1,"5":1,"6":1},"f":{},"b":{},"_coverageSchema":"1a1c01bbd47fc00a2c39e90264f33305004495a9","hash":"ceb5d2c447af96f9d33521eb0c849ee45182b715"}
}
